{"/app/applet/src/utils/calculator.ts": {"path":"/app/applet/src/utils/calculator.ts","all":false,"statementMap":{"0":{"start":{"line":1,"column":0},"end":{"line":1,"column":37}},"2":{"start":{"line":3,"column":0},"end":{"line":3,"column":56}},"4":{"start":{"line":5,"column":0},"end":{"line":5,"column":29}},"7":{"start":{"line":8,"column":0},"end":{"line":8,"column":32}},"8":{"start":{"line":9,"column":0},"end":{"line":9,"column":33}},"10":{"start":{"line":11,"column":0},"end":{"line":11,"column":150}},"19":{"start":{"line":20,"column":0},"end":{"line":20,"column":58}},"20":{"start":{"line":21,"column":0},"end":{"line":21,"column":54}},"21":{"start":{"line":22,"column":0},"end":{"line":22,"column":52}},"23":{"start":{"line":24,"column":0},"end":{"line":24,"column":16}},"24":{"start":{"line":25,"column":0},"end":{"line":25,"column":41}},"25":{"start":{"line":26,"column":0},"end":{"line":26,"column":26}},"26":{"start":{"line":27,"column":0},"end":{"line":27,"column":14}},"27":{"start":{"line":28,"column":0},"end":{"line":28,"column":54}},"28":{"start":{"line":29,"column":0},"end":{"line":29,"column":33}},"29":{"start":{"line":30,"column":0},"end":{"line":30,"column":14}},"30":{"start":{"line":31,"column":0},"end":{"line":31,"column":34}},"31":{"start":{"line":32,"column":0},"end":{"line":32,"column":5}},"32":{"start":{"line":33,"column":0},"end":{"line":33,"column":3}},"33":{"start":{"line":34,"column":0},"end":{"line":34,"column":21}},"34":{"start":{"line":35,"column":0},"end":{"line":35,"column":1}},"39":{"start":{"line":40,"column":0},"end":{"line":40,"column":35}},"40":{"start":{"line":41,"column":0},"end":{"line":41,"column":15}},"41":{"start":{"line":42,"column":0},"end":{"line":42,"column":31}},"42":{"start":{"line":43,"column":0},"end":{"line":43,"column":24}},"43":{"start":{"line":44,"column":0},"end":{"line":44,"column":39}},"44":{"start":{"line":45,"column":0},"end":{"line":45,"column":15}},"45":{"start":{"line":46,"column":0},"end":{"line":46,"column":30}},"46":{"start":{"line":47,"column":0},"end":{"line":47,"column":35}},"47":{"start":{"line":48,"column":0},"end":{"line":48,"column":3}},"50":{"start":{"line":51,"column":0},"end":{"line":51,"column":40}},"51":{"start":{"line":52,"column":0},"end":{"line":52,"column":42}},"52":{"start":{"line":53,"column":0},"end":{"line":53,"column":3}},"54":{"start":{"line":55,"column":0},"end":{"line":55,"column":7}},"55":{"start":{"line":56,"column":0},"end":{"line":56,"column":24}},"56":{"start":{"line":57,"column":0},"end":{"line":57,"column":25}},"57":{"start":{"line":58,"column":0},"end":{"line":58,"column":25}},"58":{"start":{"line":59,"column":0},"end":{"line":59,"column":26}},"59":{"start":{"line":60,"column":0},"end":{"line":60,"column":26}},"62":{"start":{"line":63,"column":0},"end":{"line":63,"column":25}},"63":{"start":{"line":64,"column":0},"end":{"line":64,"column":31}},"64":{"start":{"line":65,"column":0},"end":{"line":65,"column":48}},"67":{"start":{"line":68,"column":0},"end":{"line":68,"column":70}},"70":{"start":{"line":71,"column":0},"end":{"line":71,"column":60}},"71":{"start":{"line":72,"column":0},"end":{"line":72,"column":56}},"72":{"start":{"line":73,"column":0},"end":{"line":73,"column":46}},"73":{"start":{"line":74,"column":0},"end":{"line":74,"column":5}},"75":{"start":{"line":76,"column":0},"end":{"line":76,"column":42}},"77":{"start":{"line":78,"column":0},"end":{"line":78,"column":40}},"78":{"start":{"line":79,"column":0},"end":{"line":79,"column":42}},"79":{"start":{"line":80,"column":0},"end":{"line":80,"column":37}},"80":{"start":{"line":81,"column":0},"end":{"line":81,"column":40}},"81":{"start":{"line":82,"column":0},"end":{"line":82,"column":40}},"82":{"start":{"line":83,"column":0},"end":{"line":83,"column":40}},"83":{"start":{"line":84,"column":0},"end":{"line":84,"column":38}},"84":{"start":{"line":85,"column":0},"end":{"line":85,"column":43}},"85":{"start":{"line":86,"column":0},"end":{"line":86,"column":6}},"87":{"start":{"line":88,"column":0},"end":{"line":88,"column":30}},"88":{"start":{"line":89,"column":0},"end":{"line":89,"column":19}},"89":{"start":{"line":90,"column":0},"end":{"line":90,"column":21}},"90":{"start":{"line":91,"column":0},"end":{"line":91,"column":29}},"91":{"start":{"line":92,"column":0},"end":{"line":92,"column":49}},"92":{"start":{"line":93,"column":0},"end":{"line":93,"column":109}},"93":{"start":{"line":94,"column":0},"end":{"line":94,"column":21}},"94":{"start":{"line":95,"column":0},"end":{"line":95,"column":11}},"95":{"start":{"line":96,"column":0},"end":{"line":96,"column":47}},"96":{"start":{"line":97,"column":0},"end":{"line":97,"column":10}},"97":{"start":{"line":98,"column":0},"end":{"line":98,"column":29}},"98":{"start":{"line":99,"column":0},"end":{"line":99,"column":49}},"99":{"start":{"line":100,"column":0},"end":{"line":100,"column":80}},"100":{"start":{"line":101,"column":0},"end":{"line":101,"column":21}},"101":{"start":{"line":102,"column":0},"end":{"line":102,"column":11}},"102":{"start":{"line":103,"column":0},"end":{"line":103,"column":47}},"103":{"start":{"line":104,"column":0},"end":{"line":104,"column":10}},"104":{"start":{"line":105,"column":0},"end":{"line":105,"column":29}},"105":{"start":{"line":106,"column":0},"end":{"line":106,"column":49}},"106":{"start":{"line":107,"column":0},"end":{"line":107,"column":56}},"107":{"start":{"line":108,"column":0},"end":{"line":108,"column":47}},"108":{"start":{"line":109,"column":0},"end":{"line":109,"column":10}},"109":{"start":{"line":110,"column":0},"end":{"line":110,"column":60}},"110":{"start":{"line":111,"column":0},"end":{"line":111,"column":60}},"111":{"start":{"line":112,"column":0},"end":{"line":112,"column":60}},"112":{"start":{"line":113,"column":0},"end":{"line":113,"column":8}},"113":{"start":{"line":114,"column":0},"end":{"line":114,"column":38}},"114":{"start":{"line":115,"column":0},"end":{"line":115,"column":19}},"115":{"start":{"line":116,"column":0},"end":{"line":116,"column":21}},"116":{"start":{"line":117,"column":0},"end":{"line":117,"column":29}},"117":{"start":{"line":118,"column":0},"end":{"line":118,"column":50}},"118":{"start":{"line":119,"column":0},"end":{"line":119,"column":112}},"119":{"start":{"line":120,"column":0},"end":{"line":120,"column":21}},"120":{"start":{"line":121,"column":0},"end":{"line":121,"column":11}},"121":{"start":{"line":122,"column":0},"end":{"line":122,"column":47}},"122":{"start":{"line":123,"column":0},"end":{"line":123,"column":10}},"123":{"start":{"line":124,"column":0},"end":{"line":124,"column":29}},"124":{"start":{"line":125,"column":0},"end":{"line":125,"column":50}},"125":{"start":{"line":126,"column":0},"end":{"line":126,"column":83}},"126":{"start":{"line":127,"column":0},"end":{"line":127,"column":21}},"127":{"start":{"line":128,"column":0},"end":{"line":128,"column":11}},"128":{"start":{"line":129,"column":0},"end":{"line":129,"column":47}},"129":{"start":{"line":130,"column":0},"end":{"line":130,"column":10}},"130":{"start":{"line":131,"column":0},"end":{"line":131,"column":29}},"131":{"start":{"line":132,"column":0},"end":{"line":132,"column":50}},"132":{"start":{"line":133,"column":0},"end":{"line":133,"column":58}},"133":{"start":{"line":134,"column":0},"end":{"line":134,"column":47}},"134":{"start":{"line":135,"column":0},"end":{"line":135,"column":10}},"135":{"start":{"line":136,"column":0},"end":{"line":136,"column":60}},"136":{"start":{"line":137,"column":0},"end":{"line":137,"column":60}},"137":{"start":{"line":138,"column":0},"end":{"line":138,"column":60}},"138":{"start":{"line":139,"column":0},"end":{"line":139,"column":8}},"139":{"start":{"line":140,"column":0},"end":{"line":140,"column":12}},"141":{"start":{"line":142,"column":0},"end":{"line":142,"column":19}},"142":{"start":{"line":143,"column":0},"end":{"line":143,"column":21}},"143":{"start":{"line":144,"column":0},"end":{"line":144,"column":40}},"144":{"start":{"line":145,"column":0},"end":{"line":145,"column":40}},"145":{"start":{"line":146,"column":0},"end":{"line":146,"column":29}},"146":{"start":{"line":147,"column":0},"end":{"line":147,"column":37}},"147":{"start":{"line":148,"column":0},"end":{"line":148,"column":60}},"148":{"start":{"line":149,"column":0},"end":{"line":149,"column":59}},"149":{"start":{"line":150,"column":0},"end":{"line":150,"column":29}},"150":{"start":{"line":151,"column":0},"end":{"line":151,"column":10}},"151":{"start":{"line":152,"column":0},"end":{"line":152,"column":42}},"152":{"start":{"line":153,"column":0},"end":{"line":153,"column":42}},"153":{"start":{"line":154,"column":0},"end":{"line":154,"column":42}},"154":{"start":{"line":155,"column":0},"end":{"line":155,"column":8}},"155":{"start":{"line":156,"column":0},"end":{"line":156,"column":5}},"157":{"start":{"line":158,"column":0},"end":{"line":158,"column":51}},"158":{"start":{"line":159,"column":0},"end":{"line":159,"column":51}},"160":{"start":{"line":161,"column":0},"end":{"line":161,"column":82}},"161":{"start":{"line":162,"column":0},"end":{"line":162,"column":44}},"162":{"start":{"line":163,"column":0},"end":{"line":163,"column":5}},"164":{"start":{"line":165,"column":0},"end":{"line":165,"column":37}},"165":{"start":{"line":166,"column":0},"end":{"line":166,"column":26}},"166":{"start":{"line":167,"column":0},"end":{"line":167,"column":42}},"167":{"start":{"line":168,"column":0},"end":{"line":168,"column":7}},"168":{"start":{"line":169,"column":0},"end":{"line":169,"column":30}},"169":{"start":{"line":170,"column":0},"end":{"line":170,"column":74}},"170":{"start":{"line":171,"column":0},"end":{"line":171,"column":7}},"173":{"start":{"line":174,"column":0},"end":{"line":174,"column":70}},"174":{"start":{"line":175,"column":0},"end":{"line":175,"column":53}},"175":{"start":{"line":176,"column":0},"end":{"line":176,"column":5}},"177":{"start":{"line":178,"column":0},"end":{"line":178,"column":47}},"178":{"start":{"line":179,"column":0},"end":{"line":179,"column":22}},"179":{"start":{"line":180,"column":0},"end":{"line":180,"column":84}},"180":{"start":{"line":181,"column":0},"end":{"line":181,"column":46}},"181":{"start":{"line":182,"column":0},"end":{"line":182,"column":5}},"182":{"start":{"line":183,"column":0},"end":{"line":183,"column":42}},"183":{"start":{"line":184,"column":0},"end":{"line":184,"column":3}},"184":{"start":{"line":185,"column":0},"end":{"line":185,"column":1}},"189":{"start":{"line":190,"column":0},"end":{"line":190,"column":35}},"190":{"start":{"line":191,"column":0},"end":{"line":191,"column":15}},"191":{"start":{"line":192,"column":0},"end":{"line":192,"column":31}},"192":{"start":{"line":193,"column":0},"end":{"line":193,"column":24}},"193":{"start":{"line":194,"column":0},"end":{"line":194,"column":39}},"194":{"start":{"line":195,"column":0},"end":{"line":195,"column":11}},"195":{"start":{"line":196,"column":0},"end":{"line":196,"column":77}},"196":{"start":{"line":197,"column":0},"end":{"line":197,"column":18}},"197":{"start":{"line":198,"column":0},"end":{"line":198,"column":24}},"198":{"start":{"line":199,"column":0},"end":{"line":199,"column":3}},"199":{"start":{"line":200,"column":0},"end":{"line":200,"column":17}},"200":{"start":{"line":201,"column":0},"end":{"line":201,"column":1}},"202":{"start":{"line":203,"column":0},"end":{"line":203,"column":116}},"203":{"start":{"line":204,"column":0},"end":{"line":204,"column":17}},"204":{"start":{"line":205,"column":0},"end":{"line":205,"column":51}},"205":{"start":{"line":206,"column":0},"end":{"line":206,"column":3}},"206":{"start":{"line":207,"column":0},"end":{"line":207,"column":62}},"207":{"start":{"line":208,"column":0},"end":{"line":208,"column":33}},"208":{"start":{"line":209,"column":0},"end":{"line":209,"column":64}},"209":{"start":{"line":210,"column":0},"end":{"line":210,"column":75}},"210":{"start":{"line":211,"column":0},"end":{"line":211,"column":1}}},"s":{"0":1,"2":1,"4":1,"7":1,"8":1,"10":1,"19":33,"20":33,"21":33,"23":29,"24":33,"25":229,"26":44,"27":44,"28":229,"29":15,"30":15,"31":15,"32":229,"33":28,"34":28,"39":1,"40":35,"41":35,"42":35,"43":35,"44":35,"45":35,"46":2,"47":2,"50":35,"51":6,"52":6,"54":27,"55":27,"56":27,"57":27,"58":27,"59":27,"62":27,"63":27,"64":27,"67":27,"70":27,"71":35,"72":1,"73":1,"75":26,"77":26,"78":26,"79":26,"80":26,"81":26,"82":26,"83":26,"84":26,"85":26,"87":35,"88":19,"89":19,"90":19,"91":2,"92":2,"93":1,"94":1,"95":1,"96":2,"97":19,"98":2,"99":2,"100":1,"101":1,"102":1,"103":2,"104":19,"105":3,"106":3,"107":1,"108":3,"109":19,"110":19,"111":19,"112":19,"113":35,"114":4,"115":4,"116":4,"117":1,"118":1,"119":0,"120":0,"121":1,"122":1,"123":4,"124":1,"125":1,"126":0,"127":0,"128":1,"129":1,"130":4,"131":2,"132":2,"133":0,"134":2,"135":4,"136":4,"137":4,"138":4,"139":7,"141":3,"142":3,"143":3,"144":3,"145":3,"146":0,"147":0,"148":0,"149":0,"150":0,"151":3,"152":3,"153":3,"154":3,"155":3,"157":26,"158":26,"160":35,"161":0,"162":0,"164":24,"165":24,"166":4,"167":4,"168":24,"169":2,"170":2,"173":18,"174":18,"175":18,"177":0,"178":35,"179":2,"180":0,"181":0,"182":2,"183":2,"184":35,"189":1,"190":27,"191":27,"192":27,"193":27,"194":27,"195":27,"196":27,"197":25,"198":25,"199":2,"200":2,"202":1,"203":3,"204":0,"205":0,"206":3,"207":3,"208":3,"209":1,"210":1},"branchMap":{"0":{"type":"branch","line":20,"loc":{"start":{"line":20,"column":0},"end":{"line":35,"column":1}},"locations":[{"start":{"line":20,"column":0},"end":{"line":35,"column":1}}]},"1":{"type":"branch","line":21,"loc":{"start":{"line":21,"column":41},"end":{"line":21,"column":54}},"locations":[{"start":{"line":21,"column":41},"end":{"line":21,"column":54}}]},"2":{"type":"branch","line":22,"loc":{"start":{"line":22,"column":39},"end":{"line":22,"column":52}},"locations":[{"start":{"line":22,"column":39},"end":{"line":22,"column":52}}]},"3":{"type":"branch","line":22,"loc":{"start":{"line":22,"column":46},"end":{"line":25,"column":40}},"locations":[{"start":{"line":22,"column":46},"end":{"line":25,"column":40}}]},"4":{"type":"branch","line":25,"loc":{"start":{"line":25,"column":40},"end":{"line":33,"column":3}},"locations":[{"start":{"line":25,"column":40},"end":{"line":33,"column":3}}]},"5":{"type":"branch","line":26,"loc":{"start":{"line":26,"column":25},"end":{"line":29,"column":15}},"locations":[{"start":{"line":26,"column":25},"end":{"line":29,"column":15}}]},"6":{"type":"branch","line":28,"loc":{"start":{"line":28,"column":41},"end":{"line":28,"column":54}},"locations":[{"start":{"line":28,"column":41},"end":{"line":28,"column":54}}]},"7":{"type":"branch","line":29,"loc":{"start":{"line":29,"column":4},"end":{"line":32,"column":5}},"locations":[{"start":{"line":29,"column":4},"end":{"line":32,"column":5}}]},"8":{"type":"branch","line":29,"loc":{"start":{"line":29,"column":32},"end":{"line":32,"column":5}},"locations":[{"start":{"line":29,"column":32},"end":{"line":32,"column":5}}]},"9":{"type":"branch","line":31,"loc":{"start":{"line":31,"column":21},"end":{"line":31,"column":34}},"locations":[{"start":{"line":31,"column":21},"end":{"line":31,"column":34}}]},"10":{"type":"branch","line":33,"loc":{"start":{"line":33,"column":2},"end":{"line":35,"column":1}},"locations":[{"start":{"line":33,"column":2},"end":{"line":35,"column":1}}]},"11":{"type":"branch","line":40,"loc":{"start":{"line":40,"column":7},"end":{"line":185,"column":1}},"locations":[{"start":{"line":40,"column":7},"end":{"line":185,"column":1}}]},"12":{"type":"branch","line":46,"loc":{"start":{"line":46,"column":7},"end":{"line":46,"column":29}},"locations":[{"start":{"line":46,"column":7},"end":{"line":46,"column":29}}]},"13":{"type":"branch","line":46,"loc":{"start":{"line":46,"column":29},"end":{"line":48,"column":3}},"locations":[{"start":{"line":46,"column":29},"end":{"line":48,"column":3}}]},"14":{"type":"branch","line":48,"loc":{"start":{"line":48,"column":2},"end":{"line":51,"column":39}},"locations":[{"start":{"line":48,"column":2},"end":{"line":51,"column":39}}]},"15":{"type":"branch","line":51,"loc":{"start":{"line":51,"column":39},"end":{"line":53,"column":3}},"locations":[{"start":{"line":51,"column":39},"end":{"line":53,"column":3}}]},"16":{"type":"branch","line":53,"loc":{"start":{"line":53,"column":2},"end":{"line":72,"column":20}},"locations":[{"start":{"line":53,"column":2},"end":{"line":72,"column":20}}]},"17":{"type":"branch","line":72,"loc":{"start":{"line":72,"column":8},"end":{"line":72,"column":55}},"locations":[{"start":{"line":72,"column":8},"end":{"line":72,"column":55}}]},"18":{"type":"branch","line":72,"loc":{"start":{"line":72,"column":55},"end":{"line":74,"column":5}},"locations":[{"start":{"line":72,"column":55},"end":{"line":74,"column":5}}]},"19":{"type":"branch","line":74,"loc":{"start":{"line":74,"column":4},"end":{"line":88,"column":29}},"locations":[{"start":{"line":74,"column":4},"end":{"line":88,"column":29}}]},"20":{"type":"branch","line":88,"loc":{"start":{"line":88,"column":29},"end":{"line":114,"column":15}},"locations":[{"start":{"line":88,"column":29},"end":{"line":114,"column":15}}]},"21":{"type":"branch","line":114,"loc":{"start":{"line":114,"column":4},"end":{"line":156,"column":5}},"locations":[{"start":{"line":114,"column":4},"end":{"line":156,"column":5}}]},"22":{"type":"branch","line":114,"loc":{"start":{"line":114,"column":37},"end":{"line":140,"column":11}},"locations":[{"start":{"line":114,"column":37},"end":{"line":140,"column":11}}]},"23":{"type":"branch","line":140,"loc":{"start":{"line":140,"column":4},"end":{"line":156,"column":5}},"locations":[{"start":{"line":140,"column":4},"end":{"line":156,"column":5}}]},"24":{"type":"branch","line":156,"loc":{"start":{"line":156,"column":4},"end":{"line":161,"column":32}},"locations":[{"start":{"line":156,"column":4},"end":{"line":161,"column":32}}]},"25":{"type":"branch","line":161,"loc":{"start":{"line":161,"column":19},"end":{"line":161,"column":51}},"locations":[{"start":{"line":161,"column":19},"end":{"line":161,"column":51}}]},"26":{"type":"branch","line":161,"loc":{"start":{"line":161,"column":43},"end":{"line":161,"column":81}},"locations":[{"start":{"line":161,"column":43},"end":{"line":161,"column":81}}]},"27":{"type":"branch","line":161,"loc":{"start":{"line":161,"column":81},"end":{"line":163,"column":5}},"locations":[{"start":{"line":161,"column":81},"end":{"line":163,"column":5}}]},"28":{"type":"branch","line":163,"loc":{"start":{"line":163,"column":4},"end":{"line":176,"column":5}},"locations":[{"start":{"line":163,"column":4},"end":{"line":176,"column":5}}]},"29":{"type":"branch","line":166,"loc":{"start":{"line":166,"column":25},"end":{"line":168,"column":7}},"locations":[{"start":{"line":166,"column":25},"end":{"line":168,"column":7}}]},"30":{"type":"branch","line":168,"loc":{"start":{"line":168,"column":6},"end":{"line":169,"column":29}},"locations":[{"start":{"line":168,"column":6},"end":{"line":169,"column":29}}]},"31":{"type":"branch","line":169,"loc":{"start":{"line":169,"column":29},"end":{"line":171,"column":7}},"locations":[{"start":{"line":169,"column":29},"end":{"line":171,"column":7}}]},"32":{"type":"branch","line":170,"loc":{"start":{"line":170,"column":43},"end":{"line":170,"column":60}},"locations":[{"start":{"line":170,"column":43},"end":{"line":170,"column":60}}]},"33":{"type":"branch","line":170,"loc":{"start":{"line":170,"column":47},"end":{"line":170,"column":72}},"locations":[{"start":{"line":170,"column":47},"end":{"line":170,"column":72}}]},"34":{"type":"branch","line":171,"loc":{"start":{"line":171,"column":6},"end":{"line":176,"column":5}},"locations":[{"start":{"line":171,"column":6},"end":{"line":176,"column":5}}]},"35":{"type":"branch","line":176,"loc":{"start":{"line":176,"column":4},"end":{"line":179,"column":11}},"locations":[{"start":{"line":176,"column":4},"end":{"line":179,"column":11}}]},"36":{"type":"branch","line":179,"loc":{"start":{"line":179,"column":2},"end":{"line":184,"column":3}},"locations":[{"start":{"line":179,"column":2},"end":{"line":184,"column":3}}]},"37":{"type":"branch","line":180,"loc":{"start":{"line":180,"column":83},"end":{"line":182,"column":5}},"locations":[{"start":{"line":180,"column":83},"end":{"line":182,"column":5}}]},"38":{"type":"branch","line":82,"loc":{"start":{"line":82,"column":12},"end":{"line":82,"column":40}},"locations":[{"start":{"line":82,"column":12},"end":{"line":82,"column":40}}]},"39":{"type":"branch","line":85,"loc":{"start":{"line":85,"column":11},"end":{"line":85,"column":43}},"locations":[{"start":{"line":85,"column":11},"end":{"line":85,"column":43}}]},"40":{"type":"branch","line":91,"loc":{"start":{"line":91,"column":13},"end":{"line":97,"column":10}},"locations":[{"start":{"line":91,"column":13},"end":{"line":97,"column":10}}]},"41":{"type":"branch","line":93,"loc":{"start":{"line":93,"column":67},"end":{"line":93,"column":108}},"locations":[{"start":{"line":93,"column":67},"end":{"line":93,"column":108}}]},"42":{"type":"branch","line":93,"loc":{"start":{"line":93,"column":108},"end":{"line":96,"column":47}},"locations":[{"start":{"line":93,"column":108},"end":{"line":96,"column":47}}]},"43":{"type":"branch","line":98,"loc":{"start":{"line":98,"column":13},"end":{"line":104,"column":10}},"locations":[{"start":{"line":98,"column":13},"end":{"line":104,"column":10}}]},"44":{"type":"branch","line":100,"loc":{"start":{"line":100,"column":38},"end":{"line":100,"column":79}},"locations":[{"start":{"line":100,"column":38},"end":{"line":100,"column":79}}]},"45":{"type":"branch","line":100,"loc":{"start":{"line":100,"column":79},"end":{"line":103,"column":47}},"locations":[{"start":{"line":100,"column":79},"end":{"line":103,"column":47}}]},"46":{"type":"branch","line":105,"loc":{"start":{"line":105,"column":13},"end":{"line":109,"column":10}},"locations":[{"start":{"line":105,"column":13},"end":{"line":109,"column":10}}]},"47":{"type":"branch","line":107,"loc":{"start":{"line":107,"column":45},"end":{"line":107,"column":56}},"locations":[{"start":{"line":107,"column":45},"end":{"line":107,"column":56}}]},"48":{"type":"branch","line":107,"loc":{"start":{"line":107,"column":52},"end":{"line":108,"column":47}},"locations":[{"start":{"line":107,"column":52},"end":{"line":108,"column":47}}]},"49":{"type":"branch","line":117,"loc":{"start":{"line":117,"column":13},"end":{"line":123,"column":10}},"locations":[{"start":{"line":117,"column":13},"end":{"line":123,"column":10}}]},"50":{"type":"branch","line":119,"loc":{"start":{"line":119,"column":111},"end":{"line":121,"column":11}},"locations":[{"start":{"line":119,"column":111},"end":{"line":121,"column":11}}]},"51":{"type":"branch","line":124,"loc":{"start":{"line":124,"column":13},"end":{"line":130,"column":10}},"locations":[{"start":{"line":124,"column":13},"end":{"line":130,"column":10}}]},"52":{"type":"branch","line":126,"loc":{"start":{"line":126,"column":82},"end":{"line":128,"column":11}},"locations":[{"start":{"line":126,"column":82},"end":{"line":128,"column":11}}]},"53":{"type":"branch","line":131,"loc":{"start":{"line":131,"column":13},"end":{"line":135,"column":10}},"locations":[{"start":{"line":131,"column":13},"end":{"line":135,"column":10}}]},"54":{"type":"branch","line":133,"loc":{"start":{"line":133,"column":54},"end":{"line":134,"column":47}},"locations":[{"start":{"line":133,"column":54},"end":{"line":134,"column":47}}]},"55":{"type":"branch","line":144,"loc":{"start":{"line":144,"column":13},"end":{"line":144,"column":40}},"locations":[{"start":{"line":144,"column":13},"end":{"line":144,"column":40}}]},"56":{"type":"branch","line":145,"loc":{"start":{"line":145,"column":13},"end":{"line":145,"column":40}},"locations":[{"start":{"line":145,"column":13},"end":{"line":145,"column":40}}]},"57":{"type":"branch","line":190,"loc":{"start":{"line":190,"column":7},"end":{"line":201,"column":1}},"locations":[{"start":{"line":190,"column":7},"end":{"line":201,"column":1}}]},"58":{"type":"branch","line":197,"loc":{"start":{"line":197,"column":17},"end":{"line":199,"column":3}},"locations":[{"start":{"line":197,"column":17},"end":{"line":199,"column":3}}]},"59":{"type":"branch","line":199,"loc":{"start":{"line":199,"column":2},"end":{"line":201,"column":1}},"locations":[{"start":{"line":199,"column":2},"end":{"line":201,"column":1}}]},"60":{"type":"branch","line":203,"loc":{"start":{"line":203,"column":7},"end":{"line":211,"column":1}},"locations":[{"start":{"line":203,"column":7},"end":{"line":211,"column":1}}]},"61":{"type":"branch","line":204,"loc":{"start":{"line":204,"column":16},"end":{"line":206,"column":3}},"locations":[{"start":{"line":204,"column":16},"end":{"line":206,"column":3}}]},"62":{"type":"branch","line":207,"loc":{"start":{"line":207,"column":29},"end":{"line":207,"column":58}},"locations":[{"start":{"line":207,"column":29},"end":{"line":207,"column":58}}]},"63":{"type":"branch","line":207,"loc":{"start":{"line":207,"column":54},"end":{"line":207,"column":62}},"locations":[{"start":{"line":207,"column":54},"end":{"line":207,"column":62}}]},"64":{"type":"branch","line":208,"loc":{"start":{"line":208,"column":18},"end":{"line":208,"column":33}},"locations":[{"start":{"line":208,"column":18},"end":{"line":208,"column":33}}]},"65":{"type":"branch","line":208,"loc":{"start":{"line":208,"column":25},"end":{"line":209,"column":29}},"locations":[{"start":{"line":208,"column":25},"end":{"line":209,"column":29}}]},"66":{"type":"branch","line":209,"loc":{"start":{"line":209,"column":22},"end":{"line":211,"column":1}},"locations":[{"start":{"line":209,"column":22},"end":{"line":211,"column":1}}]},"67":{"type":"branch","line":209,"loc":{"start":{"line":209,"column":39},"end":{"line":209,"column":64}},"locations":[{"start":{"line":209,"column":39},"end":{"line":209,"column":64}}]}},"b":{"0":[33],"1":[0],"2":[4],"3":[29],"4":[229],"5":[44],"6":[1],"7":[185],"8":[15],"9":[0],"10":[28],"11":[35],"12":[34],"13":[2],"14":[33],"15":[6],"16":[27],"17":[1],"18":[1],"19":[26],"20":[19],"21":[7],"22":[4],"23":[3],"24":[26],"25":[24],"26":[24],"27":[0],"28":[24],"29":[4],"30":[20],"31":[2],"32":[1],"33":[1],"34":[18],"35":[0],"36":[2],"37":[0],"38":[2],"39":[1],"40":[2],"41":[1],"42":[1],"43":[2],"44":[1],"45":[1],"46":[3],"47":[2],"48":[1],"49":[1],"50":[0],"51":[1],"52":[0],"53":[2],"54":[0],"55":[1],"56":[1],"57":[27],"58":[25],"59":[2],"60":[3],"61":[0],"62":[2],"63":[1],"64":[1],"65":[2],"66":[1],"67":[0]},"fnMap":{"0":{"name":"prevalidateWebExpression","decl":{"start":{"line":20,"column":0},"end":{"line":35,"column":1}},"loc":{"start":{"line":20,"column":0},"end":{"line":35,"column":1}},"line":20},"1":{"name":"evaluateWithResult","decl":{"start":{"line":40,"column":7},"end":{"line":185,"column":1}},"loc":{"start":{"line":40,"column":7},"end":{"line":185,"column":1}},"line":40},"2":{"name":"log","decl":{"start":{"line":78,"column":11},"end":{"line":78,"column":40}},"loc":{"start":{"line":78,"column":11},"end":{"line":78,"column":40}},"line":78},"3":{"name":"log10","decl":{"start":{"line":79,"column":13},"end":{"line":79,"column":42}},"loc":{"start":{"line":79,"column":13},"end":{"line":79,"column":42}},"line":79},"4":{"name":"ln","decl":{"start":{"line":80,"column":10},"end":{"line":80,"column":37}},"loc":{"start":{"line":80,"column":10},"end":{"line":80,"column":37}},"line":80},"5":{"name":"log2","decl":{"start":{"line":81,"column":12},"end":{"line":81,"column":40}},"loc":{"start":{"line":81,"column":12},"end":{"line":81,"column":40}},"line":81},"6":{"name":"sqrt","decl":{"start":{"line":82,"column":12},"end":{"line":82,"column":40}},"loc":{"start":{"line":82,"column":12},"end":{"line":82,"column":40}},"line":82},"7":{"name":"cbrt","decl":{"start":{"line":83,"column":12},"end":{"line":83,"column":40}},"loc":{"start":{"line":83,"column":12},"end":{"line":83,"column":40}},"line":83},"8":{"name":"abs","decl":{"start":{"line":84,"column":11},"end":{"line":84,"column":38}},"loc":{"start":{"line":84,"column":11},"end":{"line":84,"column":38}},"line":84},"9":{"name":"mod","decl":{"start":{"line":85,"column":11},"end":{"line":85,"column":43}},"loc":{"start":{"line":85,"column":11},"end":{"line":85,"column":43}},"line":85},"10":{"name":"sin","decl":{"start":{"line":91,"column":13},"end":{"line":97,"column":10}},"loc":{"start":{"line":91,"column":13},"end":{"line":97,"column":10}},"line":91},"11":{"name":"cos","decl":{"start":{"line":98,"column":13},"end":{"line":104,"column":10}},"loc":{"start":{"line":98,"column":13},"end":{"line":104,"column":10}},"line":98},"12":{"name":"tan","decl":{"start":{"line":105,"column":13},"end":{"line":109,"column":10}},"loc":{"start":{"line":105,"column":13},"end":{"line":109,"column":10}},"line":105},"13":{"name":"asin","decl":{"start":{"line":110,"column":14},"end":{"line":110,"column":60}},"loc":{"start":{"line":110,"column":14},"end":{"line":110,"column":60}},"line":110},"14":{"name":"acos","decl":{"start":{"line":111,"column":14},"end":{"line":111,"column":60}},"loc":{"start":{"line":111,"column":14},"end":{"line":111,"column":60}},"line":111},"15":{"name":"atan","decl":{"start":{"line":112,"column":14},"end":{"line":112,"column":60}},"loc":{"start":{"line":112,"column":14},"end":{"line":112,"column":60}},"line":112},"16":{"name":"sin","decl":{"start":{"line":117,"column":13},"end":{"line":123,"column":10}},"loc":{"start":{"line":117,"column":13},"end":{"line":123,"column":10}},"line":117},"17":{"name":"cos","decl":{"start":{"line":124,"column":13},"end":{"line":130,"column":10}},"loc":{"start":{"line":124,"column":13},"end":{"line":130,"column":10}},"line":124},"18":{"name":"tan","decl":{"start":{"line":131,"column":13},"end":{"line":135,"column":10}},"loc":{"start":{"line":131,"column":13},"end":{"line":135,"column":10}},"line":131},"19":{"name":"asin","decl":{"start":{"line":136,"column":14},"end":{"line":136,"column":60}},"loc":{"start":{"line":136,"column":14},"end":{"line":136,"column":60}},"line":136},"20":{"name":"acos","decl":{"start":{"line":137,"column":14},"end":{"line":137,"column":60}},"loc":{"start":{"line":137,"column":14},"end":{"line":137,"column":60}},"line":137},"21":{"name":"atan","decl":{"start":{"line":138,"column":14},"end":{"line":138,"column":60}},"loc":{"start":{"line":138,"column":14},"end":{"line":138,"column":60}},"line":138},"22":{"name":"sin","decl":{"start":{"line":144,"column":13},"end":{"line":144,"column":40}},"loc":{"start":{"line":144,"column":13},"end":{"line":144,"column":40}},"line":144},"23":{"name":"cos","decl":{"start":{"line":145,"column":13},"end":{"line":145,"column":40}},"loc":{"start":{"line":145,"column":13},"end":{"line":145,"column":40}},"line":145},"24":{"name":"tan","decl":{"start":{"line":146,"column":13},"end":{"line":151,"column":10}},"loc":{"start":{"line":146,"column":13},"end":{"line":151,"column":10}},"line":146},"25":{"name":"asin","decl":{"start":{"line":152,"column":14},"end":{"line":152,"column":42}},"loc":{"start":{"line":152,"column":14},"end":{"line":152,"column":42}},"line":152},"26":{"name":"acos","decl":{"start":{"line":153,"column":14},"end":{"line":153,"column":42}},"loc":{"start":{"line":153,"column":14},"end":{"line":153,"column":42}},"line":153},"27":{"name":"atan","decl":{"start":{"line":154,"column":14},"end":{"line":154,"column":42}},"loc":{"start":{"line":154,"column":14},"end":{"line":154,"column":42}},"line":154},"28":{"name":"evaluateExpression","decl":{"start":{"line":190,"column":7},"end":{"line":201,"column":1}},"loc":{"start":{"line":190,"column":7},"end":{"line":201,"column":1}},"line":190},"29":{"name":"formatNumber","decl":{"start":{"line":203,"column":7},"end":{"line":211,"column":1}},"loc":{"start":{"line":203,"column":7},"end":{"line":211,"column":1}},"line":203}},"f":{"0":33,"1":35,"2":0,"3":0,"4":0,"5":0,"6":2,"7":0,"8":0,"9":1,"10":2,"11":2,"12":3,"13":0,"14":0,"15":0,"16":1,"17":1,"18":2,"19":0,"20":0,"21":0,"22":1,"23":1,"24":0,"25":0,"26":0,"27":0,"28":27,"29":3}}
,"/app/applet/src/utils/formatting.ts": {"path":"/app/applet/src/utils/formatting.ts","all":false,"statementMap":{"2":{"start":{"line":3,"column":0},"end":{"line":3,"column":41}},"3":{"start":{"line":4,"column":0},"end":{"line":4,"column":23}},"4":{"start":{"line":5,"column":0},"end":{"line":5,"column":33}},"5":{"start":{"line":6,"column":0},"end":{"line":6,"column":11}},"6":{"start":{"line":7,"column":0},"end":{"line":7,"column":32}},"7":{"start":{"line":8,"column":0},"end":{"line":8,"column":102}},"8":{"start":{"line":9,"column":0},"end":{"line":9,"column":17}},"9":{"start":{"line":10,"column":0},"end":{"line":10,"column":5}},"10":{"start":{"line":11,"column":0},"end":{"line":11,"column":31}},"11":{"start":{"line":12,"column":0},"end":{"line":12,"column":34}},"12":{"start":{"line":13,"column":0},"end":{"line":13,"column":17}},"13":{"start":{"line":14,"column":0},"end":{"line":14,"column":3}},"15":{"start":{"line":16,"column":0},"end":{"line":16,"column":58}},"16":{"start":{"line":17,"column":0},"end":{"line":17,"column":64}},"18":{"start":{"line":19,"column":0},"end":{"line":19,"column":79}},"19":{"start":{"line":20,"column":0},"end":{"line":20,"column":52}},"20":{"start":{"line":21,"column":0},"end":{"line":21,"column":69}},"22":{"start":{"line":23,"column":0},"end":{"line":23,"column":34}},"23":{"start":{"line":24,"column":0},"end":{"line":24,"column":40}},"24":{"start":{"line":25,"column":0},"end":{"line":25,"column":3}},"26":{"start":{"line":27,"column":0},"end":{"line":27,"column":35}},"27":{"start":{"line":28,"column":0},"end":{"line":28,"column":30}},"28":{"start":{"line":29,"column":0},"end":{"line":29,"column":62}},"29":{"start":{"line":30,"column":0},"end":{"line":30,"column":45}},"30":{"start":{"line":31,"column":0},"end":{"line":31,"column":73}},"31":{"start":{"line":32,"column":0},"end":{"line":32,"column":3}},"35":{"start":{"line":36,"column":0},"end":{"line":36,"column":24}},"36":{"start":{"line":37,"column":0},"end":{"line":37,"column":30}},"37":{"start":{"line":38,"column":0},"end":{"line":38,"column":31}},"38":{"start":{"line":39,"column":0},"end":{"line":39,"column":10}},"39":{"start":{"line":40,"column":0},"end":{"line":40,"column":61}},"40":{"start":{"line":41,"column":0},"end":{"line":41,"column":34}},"41":{"start":{"line":42,"column":0},"end":{"line":42,"column":3}},"44":{"start":{"line":45,"column":0},"end":{"line":45,"column":37}},"45":{"start":{"line":46,"column":0},"end":{"line":46,"column":29}},"46":{"start":{"line":47,"column":0},"end":{"line":47,"column":31}},"48":{"start":{"line":49,"column":0},"end":{"line":49,"column":39}},"49":{"start":{"line":50,"column":0},"end":{"line":50,"column":68}},"50":{"start":{"line":51,"column":0},"end":{"line":51,"column":71}},"51":{"start":{"line":52,"column":0},"end":{"line":52,"column":46}},"52":{"start":{"line":53,"column":0},"end":{"line":53,"column":68}},"53":{"start":{"line":54,"column":0},"end":{"line":54,"column":71}},"54":{"start":{"line":55,"column":0},"end":{"line":55,"column":47}},"55":{"start":{"line":56,"column":0},"end":{"line":56,"column":68}},"56":{"start":{"line":57,"column":0},"end":{"line":57,"column":71}},"57":{"start":{"line":58,"column":0},"end":{"line":58,"column":3}},"59":{"start":{"line":60,"column":0},"end":{"line":60,"column":69}},"60":{"start":{"line":61,"column":0},"end":{"line":61,"column":1}},"62":{"start":{"line":63,"column":0},"end":{"line":63,"column":47}},"70":{"start":{"line":71,"column":0},"end":{"line":71,"column":6}},"71":{"start":{"line":72,"column":0},"end":{"line":72,"column":8}},"72":{"start":{"line":73,"column":0},"end":{"line":73,"column":21}},"73":{"start":{"line":74,"column":0},"end":{"line":74,"column":23}},"74":{"start":{"line":75,"column":0},"end":{"line":75,"column":21}},"75":{"start":{"line":76,"column":0},"end":{"line":76,"column":25}},"76":{"start":{"line":77,"column":0},"end":{"line":77,"column":29}},"77":{"start":{"line":78,"column":0},"end":{"line":78,"column":32}},"78":{"start":{"line":79,"column":0},"end":{"line":79,"column":25}},"79":{"start":{"line":80,"column":0},"end":{"line":80,"column":4}},"80":{"start":{"line":81,"column":0},"end":{"line":81,"column":12}},"81":{"start":{"line":82,"column":0},"end":{"line":82,"column":26}},"82":{"start":{"line":83,"column":0},"end":{"line":83,"column":23}},"83":{"start":{"line":84,"column":0},"end":{"line":84,"column":21}},"84":{"start":{"line":85,"column":0},"end":{"line":85,"column":29}},"85":{"start":{"line":86,"column":0},"end":{"line":86,"column":33}},"86":{"start":{"line":87,"column":0},"end":{"line":87,"column":36}},"87":{"start":{"line":88,"column":0},"end":{"line":88,"column":29}},"88":{"start":{"line":89,"column":0},"end":{"line":89,"column":4}},"89":{"start":{"line":90,"column":0},"end":{"line":90,"column":11}},"90":{"start":{"line":91,"column":0},"end":{"line":91,"column":26}},"91":{"start":{"line":92,"column":0},"end":{"line":92,"column":23}},"92":{"start":{"line":93,"column":0},"end":{"line":93,"column":21}},"93":{"start":{"line":94,"column":0},"end":{"line":94,"column":28}},"94":{"start":{"line":95,"column":0},"end":{"line":95,"column":32}},"95":{"start":{"line":96,"column":0},"end":{"line":96,"column":35}},"96":{"start":{"line":97,"column":0},"end":{"line":97,"column":28}},"97":{"start":{"line":98,"column":0},"end":{"line":98,"column":4}},"98":{"start":{"line":99,"column":0},"end":{"line":99,"column":10}},"99":{"start":{"line":100,"column":0},"end":{"line":100,"column":23}},"100":{"start":{"line":101,"column":0},"end":{"line":101,"column":23}},"101":{"start":{"line":102,"column":0},"end":{"line":102,"column":21}},"102":{"start":{"line":103,"column":0},"end":{"line":103,"column":27}},"103":{"start":{"line":104,"column":0},"end":{"line":104,"column":31}},"104":{"start":{"line":105,"column":0},"end":{"line":105,"column":34}},"105":{"start":{"line":106,"column":0},"end":{"line":106,"column":27}},"106":{"start":{"line":107,"column":0},"end":{"line":107,"column":4}},"107":{"start":{"line":108,"column":0},"end":{"line":108,"column":9}},"108":{"start":{"line":109,"column":0},"end":{"line":109,"column":22}},"109":{"start":{"line":110,"column":0},"end":{"line":110,"column":23}},"110":{"start":{"line":111,"column":0},"end":{"line":111,"column":21}},"111":{"start":{"line":112,"column":0},"end":{"line":112,"column":26}},"112":{"start":{"line":113,"column":0},"end":{"line":113,"column":30}},"113":{"start":{"line":114,"column":0},"end":{"line":114,"column":33}},"114":{"start":{"line":115,"column":0},"end":{"line":115,"column":26}},"115":{"start":{"line":116,"column":0},"end":{"line":116,"column":4}},"116":{"start":{"line":117,"column":0},"end":{"line":117,"column":9}},"117":{"start":{"line":118,"column":0},"end":{"line":118,"column":22}},"118":{"start":{"line":119,"column":0},"end":{"line":119,"column":23}},"119":{"start":{"line":120,"column":0},"end":{"line":120,"column":21}},"120":{"start":{"line":121,"column":0},"end":{"line":121,"column":26}},"121":{"start":{"line":122,"column":0},"end":{"line":122,"column":30}},"122":{"start":{"line":123,"column":0},"end":{"line":123,"column":33}},"123":{"start":{"line":124,"column":0},"end":{"line":124,"column":26}},"124":{"start":{"line":125,"column":0},"end":{"line":125,"column":4}},"125":{"start":{"line":126,"column":0},"end":{"line":126,"column":2}}},"s":{"2":1,"3":9,"4":9,"5":9,"6":9,"7":4,"8":4,"9":4,"10":0,"11":0,"12":0,"13":0,"15":9,"16":9,"18":9,"19":9,"20":9,"22":9,"23":1,"24":1,"26":9,"27":1,"28":1,"29":1,"30":1,"31":1,"35":3,"36":9,"37":1,"38":9,"39":2,"40":2,"41":2,"44":3,"45":3,"46":3,"48":9,"49":1,"50":1,"51":9,"52":1,"53":1,"54":1,"55":1,"56":1,"57":1,"59":9,"60":9,"62":1,"70":1,"71":1,"72":1,"73":1,"74":1,"75":1,"76":1,"77":1,"78":1,"79":1,"80":1,"81":1,"82":1,"83":1,"84":1,"85":1,"86":1,"87":1,"88":1,"89":1,"90":1,"91":1,"92":1,"93":1,"94":1,"95":1,"96":1,"97":1,"98":1,"99":1,"100":1,"101":1,"102":1,"103":1,"104":1,"105":1,"106":1,"107":1,"108":1,"109":1,"110":1,"111":1,"112":1,"113":1,"114":1,"115":1,"116":1,"117":1,"118":1,"119":1,"120":1,"121":1,"122":1,"123":1,"124":1,"125":1},"branchMap":{"0":{"type":"branch","line":3,"loc":{"start":{"line":3,"column":7},"end":{"line":61,"column":1}},"locations":[{"start":{"line":3,"column":7},"end":{"line":61,"column":1}}]},"1":{"type":"branch","line":7,"loc":{"start":{"line":7,"column":31},"end":{"line":14,"column":3}},"locations":[{"start":{"line":7,"column":31},"end":{"line":14,"column":3}}]},"2":{"type":"branch","line":8,"loc":{"start":{"line":8,"column":16},"end":{"line":8,"column":44}},"locations":[{"start":{"line":8,"column":16},"end":{"line":8,"column":44}}]},"3":{"type":"branch","line":8,"loc":{"start":{"line":8,"column":35},"end":{"line":8,"column":66}},"locations":[{"start":{"line":8,"column":35},"end":{"line":8,"column":66}}]},"4":{"type":"branch","line":8,"loc":{"start":{"line":8,"column":52},"end":{"line":8,"column":89}},"locations":[{"start":{"line":8,"column":52},"end":{"line":8,"column":89}}]},"5":{"type":"branch","line":8,"loc":{"start":{"line":8,"column":74},"end":{"line":8,"column":101}},"locations":[{"start":{"line":8,"column":74},"end":{"line":8,"column":101}}]},"6":{"type":"branch","line":10,"loc":{"start":{"line":10,"column":4},"end":{"line":14,"column":3}},"locations":[{"start":{"line":10,"column":4},"end":{"line":14,"column":3}}]},"7":{"type":"branch","line":14,"loc":{"start":{"line":14,"column":2},"end":{"line":16,"column":45}},"locations":[{"start":{"line":14,"column":2},"end":{"line":16,"column":45}}]},"8":{"type":"branch","line":16,"loc":{"start":{"line":16,"column":45},"end":{"line":16,"column":58}},"locations":[{"start":{"line":16,"column":45},"end":{"line":16,"column":58}}]},"9":{"type":"branch","line":16,"loc":{"start":{"line":16,"column":52},"end":{"line":17,"column":29}},"locations":[{"start":{"line":16,"column":52},"end":{"line":17,"column":29}}]},"10":{"type":"branch","line":17,"loc":{"start":{"line":17,"column":22},"end":{"line":17,"column":64}},"locations":[{"start":{"line":17,"column":22},"end":{"line":17,"column":64}}]},"11":{"type":"branch","line":17,"loc":{"start":{"line":17,"column":52},"end":{"line":19,"column":44}},"locations":[{"start":{"line":17,"column":52},"end":{"line":19,"column":44}}]},"12":{"type":"branch","line":19,"loc":{"start":{"line":19,"column":44},"end":{"line":19,"column":77}},"locations":[{"start":{"line":19,"column":44},"end":{"line":19,"column":77}}]},"13":{"type":"branch","line":19,"loc":{"start":{"line":19,"column":65},"end":{"line":19,"column":79}},"locations":[{"start":{"line":19,"column":65},"end":{"line":19,"column":79}}]},"14":{"type":"branch","line":20,"loc":{"start":{"line":20,"column":19},"end":{"line":20,"column":41}},"locations":[{"start":{"line":20,"column":19},"end":{"line":20,"column":41}}]},"15":{"type":"branch","line":20,"loc":{"start":{"line":20,"column":29},"end":{"line":20,"column":52}},"locations":[{"start":{"line":20,"column":29},"end":{"line":20,"column":52}}]},"16":{"type":"branch","line":21,"loc":{"start":{"line":21,"column":29},"end":{"line":21,"column":61}},"locations":[{"start":{"line":21,"column":29},"end":{"line":21,"column":61}}]},"17":{"type":"branch","line":21,"loc":{"start":{"line":21,"column":39},"end":{"line":21,"column":69}},"locations":[{"start":{"line":21,"column":39},"end":{"line":21,"column":69}}]},"18":{"type":"branch","line":23,"loc":{"start":{"line":23,"column":33},"end":{"line":25,"column":3}},"locations":[{"start":{"line":23,"column":33},"end":{"line":25,"column":3}}]},"19":{"type":"branch","line":25,"loc":{"start":{"line":25,"column":2},"end":{"line":27,"column":34}},"locations":[{"start":{"line":25,"column":2},"end":{"line":27,"column":34}}]},"20":{"type":"branch","line":27,"loc":{"start":{"line":27,"column":34},"end":{"line":32,"column":3}},"locations":[{"start":{"line":27,"column":34},"end":{"line":32,"column":3}}]},"21":{"type":"branch","line":28,"loc":{"start":{"line":28,"column":19},"end":{"line":28,"column":30}},"locations":[{"start":{"line":28,"column":19},"end":{"line":28,"column":30}}]},"22":{"type":"branch","line":31,"loc":{"start":{"line":31,"column":56},"end":{"line":31,"column":64}},"locations":[{"start":{"line":31,"column":56},"end":{"line":31,"column":64}}]},"23":{"type":"branch","line":32,"loc":{"start":{"line":32,"column":2},"end":{"line":37,"column":29}},"locations":[{"start":{"line":32,"column":2},"end":{"line":37,"column":29}}]},"24":{"type":"branch","line":37,"loc":{"start":{"line":37,"column":29},"end":{"line":39,"column":9}},"locations":[{"start":{"line":37,"column":29},"end":{"line":39,"column":9}}]},"25":{"type":"branch","line":39,"loc":{"start":{"line":39,"column":2},"end":{"line":42,"column":3}},"locations":[{"start":{"line":39,"column":2},"end":{"line":42,"column":3}}]},"26":{"type":"branch","line":42,"loc":{"start":{"line":42,"column":2},"end":{"line":49,"column":38}},"locations":[{"start":{"line":42,"column":2},"end":{"line":49,"column":38}}]},"27":{"type":"branch","line":49,"loc":{"start":{"line":49,"column":38},"end":{"line":52,"column":13}},"locations":[{"start":{"line":49,"column":38},"end":{"line":52,"column":13}}]},"28":{"type":"branch","line":51,"loc":{"start":{"line":51,"column":54},"end":{"line":51,"column":71}},"locations":[{"start":{"line":51,"column":54},"end":{"line":51,"column":71}}]},"29":{"type":"branch","line":52,"loc":{"start":{"line":52,"column":2},"end":{"line":58,"column":3}},"locations":[{"start":{"line":52,"column":2},"end":{"line":58,"column":3}}]},"30":{"type":"branch","line":52,"loc":{"start":{"line":52,"column":45},"end":{"line":58,"column":3}},"locations":[{"start":{"line":52,"column":45},"end":{"line":58,"column":3}}]},"31":{"type":"branch","line":54,"loc":{"start":{"line":54,"column":11},"end":{"line":54,"column":59}},"locations":[{"start":{"line":54,"column":11},"end":{"line":54,"column":59}}]},"32":{"type":"branch","line":57,"loc":{"start":{"line":57,"column":54},"end":{"line":57,"column":71}},"locations":[{"start":{"line":57,"column":54},"end":{"line":57,"column":71}}]},"33":{"type":"branch","line":58,"loc":{"start":{"line":58,"column":2},"end":{"line":60,"column":57}},"locations":[{"start":{"line":58,"column":2},"end":{"line":60,"column":57}}]},"34":{"type":"branch","line":60,"loc":{"start":{"line":60,"column":52},"end":{"line":60,"column":69}},"locations":[{"start":{"line":60,"column":52},"end":{"line":60,"column":69}}]}},"b":{"0":[9],"1":[4],"2":[3],"3":[2],"4":[1],"5":[0],"6":[0],"7":[5],"8":[0],"9":[5],"10":[0],"11":[5],"12":[4],"13":[1],"14":[5],"15":[3],"16":[5],"17":[2],"18":[1],"19":[4],"20":[1],"21":[0],"22":[0],"23":[3],"24":[1],"25":[2],"26":[3],"27":[1],"28":[0],"29":[2],"30":[1],"31":[0],"32":[0],"33":[0],"34":[0]},"fnMap":{"0":{"name":"formatNumberWithSettings","decl":{"start":{"line":3,"column":7},"end":{"line":61,"column":1}},"loc":{"start":{"line":3,"column":7},"end":{"line":61,"column":1}},"line":3}},"f":{"0":9}}
,"/app/applet/src/utils/history.ts": {"path":"/app/applet/src/utils/history.ts","all":false,"statementMap":{"2":{"start":{"line":3,"column":0},"end":{"line":3,"column":42}},"4":{"start":{"line":5,"column":0},"end":{"line":5,"column":45}},"5":{"start":{"line":6,"column":0},"end":{"line":6,"column":7}},"6":{"start":{"line":7,"column":0},"end":{"line":7,"column":50}},"7":{"start":{"line":8,"column":0},"end":{"line":8,"column":38}},"8":{"start":{"line":9,"column":0},"end":{"line":9,"column":11}},"9":{"start":{"line":10,"column":0},"end":{"line":10,"column":14}},"10":{"start":{"line":11,"column":0},"end":{"line":11,"column":3}},"11":{"start":{"line":12,"column":0},"end":{"line":12,"column":1}},"13":{"start":{"line":14,"column":0},"end":{"line":14,"column":27}},"14":{"start":{"line":15,"column":0},"end":{"line":15,"column":22}},"15":{"start":{"line":16,"column":0},"end":{"line":16,"column":18}},"16":{"start":{"line":17,"column":0},"end":{"line":17,"column":17}},"17":{"start":{"line":18,"column":0},"end":{"line":18,"column":33}},"18":{"start":{"line":19,"column":0},"end":{"line":19,"column":18}},"19":{"start":{"line":20,"column":0},"end":{"line":20,"column":72}},"22":{"start":{"line":23,"column":0},"end":{"line":23,"column":45}},"23":{"start":{"line":24,"column":0},"end":{"line":24,"column":50}},"25":{"start":{"line":26,"column":0},"end":{"line":26,"column":31}},"26":{"start":{"line":27,"column":0},"end":{"line":27,"column":9}},"27":{"start":{"line":28,"column":0},"end":{"line":28,"column":70}},"28":{"start":{"line":29,"column":0},"end":{"line":29,"column":26}},"29":{"start":{"line":30,"column":0},"end":{"line":30,"column":49}},"30":{"start":{"line":31,"column":0},"end":{"line":31,"column":66}},"31":{"start":{"line":32,"column":0},"end":{"line":32,"column":70}},"32":{"start":{"line":33,"column":0},"end":{"line":33,"column":7}},"33":{"start":{"line":34,"column":0},"end":{"line":34,"column":13}},"35":{"start":{"line":36,"column":0},"end":{"line":36,"column":5}},"36":{"start":{"line":37,"column":0},"end":{"line":37,"column":25}},"37":{"start":{"line":38,"column":0},"end":{"line":38,"column":24}},"38":{"start":{"line":39,"column":0},"end":{"line":39,"column":3}},"40":{"start":{"line":41,"column":0},"end":{"line":41,"column":31}},"41":{"start":{"line":42,"column":0},"end":{"line":42,"column":32}},"42":{"start":{"line":43,"column":0},"end":{"line":43,"column":76}},"43":{"start":{"line":44,"column":0},"end":{"line":44,"column":15}},"44":{"start":{"line":45,"column":0},"end":{"line":45,"column":11}},"45":{"start":{"line":46,"column":0},"end":{"line":46,"column":9}},"46":{"start":{"line":47,"column":0},"end":{"line":47,"column":26}},"47":{"start":{"line":48,"column":0},"end":{"line":48,"column":4}},"49":{"start":{"line":50,"column":0},"end":{"line":50,"column":59}},"50":{"start":{"line":51,"column":0},"end":{"line":51,"column":7}},"51":{"start":{"line":52,"column":0},"end":{"line":52,"column":63}},"52":{"start":{"line":53,"column":0},"end":{"line":53,"column":15}},"54":{"start":{"line":55,"column":0},"end":{"line":55,"column":63}},"55":{"start":{"line":56,"column":0},"end":{"line":56,"column":3}},"56":{"start":{"line":57,"column":0},"end":{"line":57,"column":17}},"57":{"start":{"line":58,"column":0},"end":{"line":58,"column":1}},"59":{"start":{"line":60,"column":0},"end":{"line":60,"column":47}},"60":{"start":{"line":61,"column":0},"end":{"line":61,"column":7}},"61":{"start":{"line":62,"column":0},"end":{"line":62,"column":41}},"62":{"start":{"line":63,"column":0},"end":{"line":63,"column":15}},"63":{"start":{"line":64,"column":0},"end":{"line":64,"column":48}},"64":{"start":{"line":65,"column":0},"end":{"line":65,"column":3}},"65":{"start":{"line":66,"column":0},"end":{"line":66,"column":12}},"66":{"start":{"line":67,"column":0},"end":{"line":67,"column":1}},"68":{"start":{"line":69,"column":0},"end":{"line":69,"column":62}},"69":{"start":{"line":70,"column":0},"end":{"line":70,"column":62}},"70":{"start":{"line":71,"column":0},"end":{"line":71,"column":7}},"71":{"start":{"line":72,"column":0},"end":{"line":72,"column":63}},"72":{"start":{"line":73,"column":0},"end":{"line":73,"column":15}},"73":{"start":{"line":74,"column":0},"end":{"line":74,"column":54}},"74":{"start":{"line":75,"column":0},"end":{"line":75,"column":3}},"75":{"start":{"line":76,"column":0},"end":{"line":76,"column":17}},"76":{"start":{"line":77,"column":0},"end":{"line":77,"column":1}}},"s":{"2":1,"4":1,"5":23,"6":23,"7":23,"8":23,"9":0,"10":0,"11":23,"13":1,"14":16,"15":16,"16":16,"17":16,"18":16,"19":16,"22":16,"23":16,"25":16,"26":14,"27":14,"28":14,"29":0,"30":0,"31":0,"32":0,"33":14,"35":0,"36":16,"37":1,"38":1,"40":14,"41":14,"42":14,"43":14,"44":14,"45":14,"46":14,"47":14,"49":14,"50":14,"51":14,"52":16,"54":0,"55":0,"56":14,"57":14,"59":1,"60":1,"61":1,"62":1,"63":0,"64":0,"65":1,"66":1,"68":1,"69":1,"70":1,"71":1,"72":1,"73":0,"74":0,"75":1,"76":1},"branchMap":{"0":{"type":"branch","line":5,"loc":{"start":{"line":5,"column":7},"end":{"line":12,"column":1}},"locations":[{"start":{"line":5,"column":7},"end":{"line":12,"column":1}}]},"1":{"type":"branch","line":8,"loc":{"start":{"line":8,"column":11},"end":{"line":8,"column":35}},"locations":[{"start":{"line":8,"column":11},"end":{"line":8,"column":35}}]},"2":{"type":"branch","line":8,"loc":{"start":{"line":8,"column":31},"end":{"line":8,"column":38}},"locations":[{"start":{"line":8,"column":31},"end":{"line":8,"column":38}}]},"3":{"type":"branch","line":9,"loc":{"start":{"line":9,"column":2},"end":{"line":11,"column":3}},"locations":[{"start":{"line":9,"column":2},"end":{"line":11,"column":3}}]},"4":{"type":"branch","line":14,"loc":{"start":{"line":14,"column":7},"end":{"line":58,"column":1}},"locations":[{"start":{"line":14,"column":7},"end":{"line":58,"column":1}}]},"5":{"type":"branch","line":20,"loc":{"start":{"line":20,"column":52},"end":{"line":20,"column":72}},"locations":[{"start":{"line":20,"column":52},"end":{"line":20,"column":72}}]},"6":{"type":"branch","line":20,"loc":{"start":{"line":20,"column":70},"end":{"line":23,"column":29}},"locations":[{"start":{"line":20,"column":70},"end":{"line":23,"column":29}}]},"7":{"type":"branch","line":23,"loc":{"start":{"line":23,"column":19},"end":{"line":23,"column":45}},"locations":[{"start":{"line":23,"column":19},"end":{"line":23,"column":45}}]},"8":{"type":"branch","line":24,"loc":{"start":{"line":24,"column":17},"end":{"line":24,"column":46}},"locations":[{"start":{"line":24,"column":17},"end":{"line":24,"column":46}}]},"9":{"type":"branch","line":24,"loc":{"start":{"line":24,"column":27},"end":{"line":24,"column":50}},"locations":[{"start":{"line":24,"column":27},"end":{"line":24,"column":50}}]},"10":{"type":"branch","line":26,"loc":{"start":{"line":26,"column":30},"end":{"line":37,"column":13}},"locations":[{"start":{"line":26,"column":30},"end":{"line":37,"column":13}}]},"11":{"type":"branch","line":29,"loc":{"start":{"line":29,"column":25},"end":{"line":33,"column":7}},"locations":[{"start":{"line":29,"column":25},"end":{"line":33,"column":7}}]},"12":{"type":"branch","line":34,"loc":{"start":{"line":34,"column":4},"end":{"line":36,"column":5}},"locations":[{"start":{"line":34,"column":4},"end":{"line":36,"column":5}}]},"13":{"type":"branch","line":37,"loc":{"start":{"line":37,"column":2},"end":{"line":39,"column":3}},"locations":[{"start":{"line":37,"column":2},"end":{"line":39,"column":3}}]},"14":{"type":"branch","line":39,"loc":{"start":{"line":39,"column":2},"end":{"line":53,"column":11}},"locations":[{"start":{"line":39,"column":2},"end":{"line":53,"column":11}}]},"15":{"type":"branch","line":53,"loc":{"start":{"line":53,"column":2},"end":{"line":56,"column":3}},"locations":[{"start":{"line":53,"column":2},"end":{"line":56,"column":3}}]},"16":{"type":"branch","line":56,"loc":{"start":{"line":56,"column":2},"end":{"line":58,"column":1}},"locations":[{"start":{"line":56,"column":2},"end":{"line":58,"column":1}}]},"17":{"type":"branch","line":60,"loc":{"start":{"line":60,"column":7},"end":{"line":67,"column":1}},"locations":[{"start":{"line":60,"column":7},"end":{"line":67,"column":1}}]},"18":{"type":"branch","line":63,"loc":{"start":{"line":63,"column":2},"end":{"line":65,"column":3}},"locations":[{"start":{"line":63,"column":2},"end":{"line":65,"column":3}}]},"19":{"type":"branch","line":69,"loc":{"start":{"line":69,"column":7},"end":{"line":77,"column":1}},"locations":[{"start":{"line":69,"column":7},"end":{"line":77,"column":1}}]},"20":{"type":"branch","line":73,"loc":{"start":{"line":73,"column":2},"end":{"line":75,"column":3}},"locations":[{"start":{"line":73,"column":2},"end":{"line":75,"column":3}}]},"21":{"type":"branch","line":70,"loc":{"start":{"line":70,"column":38},"end":{"line":70,"column":60}},"locations":[{"start":{"line":70,"column":38},"end":{"line":70,"column":60}}]}},"b":{"0":[23],"1":[14],"2":[9],"3":[0],"4":[16],"5":[1],"6":[15],"7":[11],"8":[11],"9":[5],"10":[14],"11":[0],"12":[0],"13":[1],"14":[14],"15":[0],"16":[14],"17":[1],"18":[0],"19":[1],"20":[0],"21":[1]},"fnMap":{"0":{"name":"getHistory","decl":{"start":{"line":5,"column":7},"end":{"line":12,"column":1}},"loc":{"start":{"line":5,"column":7},"end":{"line":12,"column":1}},"line":5},"1":{"name":"addHistory","decl":{"start":{"line":14,"column":7},"end":{"line":58,"column":1}},"loc":{"start":{"line":14,"column":7},"end":{"line":58,"column":1}},"line":14},"2":{"name":"clearHistory","decl":{"start":{"line":60,"column":7},"end":{"line":67,"column":1}},"loc":{"start":{"line":60,"column":7},"end":{"line":67,"column":1}},"line":60},"3":{"name":"deleteHistoryItem","decl":{"start":{"line":69,"column":7},"end":{"line":77,"column":1}},"loc":{"start":{"line":69,"column":7},"end":{"line":77,"column":1}},"line":69}},"f":{"0":23,"1":16,"2":1,"3":1}}
,"/app/applet/src/utils/sound.ts": {"path":"/app/applet/src/utils/sound.ts","all":true,"statementMap":{"3":{"start":{"line":4,"column":0},"end":{"line":4,"column":41}},"4":{"start":{"line":5,"column":0},"end":{"line":5,"column":56}},"5":{"start":{"line":6,"column":0},"end":{"line":6,"column":29}},"7":{"start":{"line":8,"column":0},"end":{"line":8,"column":56}},"8":{"start":{"line":9,"column":0},"end":{"line":9,"column":49}},"9":{"start":{"line":10,"column":0},"end":{"line":10,"column":7}},"10":{"start":{"line":11,"column":0},"end":{"line":11,"column":20}},"11":{"start":{"line":12,"column":0},"end":{"line":12,"column":90}},"12":{"start":{"line":13,"column":0},"end":{"line":13,"column":30}},"13":{"start":{"line":14,"column":0},"end":{"line":14,"column":73}},"14":{"start":{"line":15,"column":0},"end":{"line":15,"column":7}},"15":{"start":{"line":16,"column":0},"end":{"line":16,"column":5}},"16":{"start":{"line":17,"column":0},"end":{"line":17,"column":53}},"17":{"start":{"line":18,"column":0},"end":{"line":18,"column":40}},"18":{"start":{"line":19,"column":0},"end":{"line":19,"column":5}},"19":{"start":{"line":20,"column":0},"end":{"line":20,"column":11}},"21":{"start":{"line":22,"column":0},"end":{"line":22,"column":3}},"22":{"start":{"line":23,"column":0},"end":{"line":23,"column":18}},"23":{"start":{"line":24,"column":0},"end":{"line":24,"column":1}},"26":{"start":{"line":27,"column":0},"end":{"line":27,"column":33}},"27":{"start":{"line":28,"column":0},"end":{"line":28,"column":20}},"28":{"start":{"line":29,"column":0},"end":{"line":29,"column":47}},"29":{"start":{"line":30,"column":0},"end":{"line":30,"column":49}},"30":{"start":{"line":31,"column":0},"end":{"line":31,"column":16}},"31":{"start":{"line":32,"column":0},"end":{"line":32,"column":36}},"32":{"start":{"line":33,"column":0},"end":{"line":33,"column":60}},"33":{"start":{"line":34,"column":0},"end":{"line":34,"column":42}},"34":{"start":{"line":35,"column":0},"end":{"line":35,"column":41}},"35":{"start":{"line":36,"column":0},"end":{"line":36,"column":41}},"37":{"start":{"line":38,"column":0},"end":{"line":38,"column":56}},"38":{"start":{"line":39,"column":0},"end":{"line":39,"column":67}},"39":{"start":{"line":40,"column":0},"end":{"line":40,"column":45}},"41":{"start":{"line":42,"column":0},"end":{"line":42,"column":41}},"42":{"start":{"line":43,"column":0},"end":{"line":43,"column":29}},"43":{"start":{"line":44,"column":0},"end":{"line":44,"column":19}},"45":{"start":{"line":46,"column":0},"end":{"line":46,"column":29}},"46":{"start":{"line":47,"column":0},"end":{"line":47,"column":27}},"47":{"start":{"line":48,"column":0},"end":{"line":48,"column":39}},"48":{"start":{"line":49,"column":0},"end":{"line":49,"column":30}},"49":{"start":{"line":50,"column":0},"end":{"line":50,"column":28}},"50":{"start":{"line":51,"column":0},"end":{"line":51,"column":37}},"51":{"start":{"line":52,"column":0},"end":{"line":52,"column":36}},"52":{"start":{"line":53,"column":0},"end":{"line":53,"column":28}},"53":{"start":{"line":54,"column":0},"end":{"line":54,"column":37}},"54":{"start":{"line":55,"column":0},"end":{"line":55,"column":36}},"55":{"start":{"line":56,"column":0},"end":{"line":56,"column":19}},"56":{"start":{"line":57,"column":0},"end":{"line":57,"column":37}},"57":{"start":{"line":58,"column":0},"end":{"line":58,"column":55}},"58":{"start":{"line":59,"column":0},"end":{"line":59,"column":7}},"59":{"start":{"line":60,"column":0},"end":{"line":60,"column":29}},"60":{"start":{"line":61,"column":0},"end":{"line":61,"column":61}},"61":{"start":{"line":62,"column":0},"end":{"line":62,"column":7}},"62":{"start":{"line":63,"column":0},"end":{"line":63,"column":36}},"63":{"start":{"line":64,"column":0},"end":{"line":64,"column":26}},"64":{"start":{"line":65,"column":0},"end":{"line":65,"column":24}},"65":{"start":{"line":66,"column":0},"end":{"line":66,"column":22}},"66":{"start":{"line":67,"column":0},"end":{"line":67,"column":30}},"67":{"start":{"line":68,"column":0},"end":{"line":68,"column":24}},"68":{"start":{"line":69,"column":0},"end":{"line":69,"column":22}},"69":{"start":{"line":70,"column":0},"end":{"line":70,"column":19}},"70":{"start":{"line":71,"column":0},"end":{"line":71,"column":36}},"71":{"start":{"line":72,"column":0},"end":{"line":72,"column":24}},"72":{"start":{"line":73,"column":0},"end":{"line":73,"column":22}},"73":{"start":{"line":74,"column":0},"end":{"line":74,"column":19}},"74":{"start":{"line":75,"column":0},"end":{"line":75,"column":36}},"75":{"start":{"line":76,"column":0},"end":{"line":76,"column":24}},"76":{"start":{"line":77,"column":0},"end":{"line":77,"column":22}},"77":{"start":{"line":78,"column":0},"end":{"line":78,"column":19}},"78":{"start":{"line":79,"column":0},"end":{"line":79,"column":7}},"79":{"start":{"line":80,"column":0},"end":{"line":80,"column":77}},"80":{"start":{"line":81,"column":0},"end":{"line":81,"column":44}},"81":{"start":{"line":82,"column":0},"end":{"line":82,"column":66}},"82":{"start":{"line":83,"column":0},"end":{"line":83,"column":35}},"83":{"start":{"line":84,"column":0},"end":{"line":84,"column":27}},"84":{"start":{"line":85,"column":0},"end":{"line":85,"column":24}},"85":{"start":{"line":86,"column":0},"end":{"line":86,"column":22}},"86":{"start":{"line":87,"column":0},"end":{"line":87,"column":30}},"87":{"start":{"line":88,"column":0},"end":{"line":88,"column":24}},"88":{"start":{"line":89,"column":0},"end":{"line":89,"column":23}},"89":{"start":{"line":90,"column":0},"end":{"line":90,"column":19}},"90":{"start":{"line":91,"column":0},"end":{"line":91,"column":36}},"91":{"start":{"line":92,"column":0},"end":{"line":92,"column":24}},"92":{"start":{"line":93,"column":0},"end":{"line":93,"column":22}},"93":{"start":{"line":94,"column":0},"end":{"line":94,"column":20}},"94":{"start":{"line":95,"column":0},"end":{"line":95,"column":7}},"95":{"start":{"line":96,"column":0},"end":{"line":96,"column":77}},"96":{"start":{"line":97,"column":0},"end":{"line":97,"column":44}},"97":{"start":{"line":98,"column":0},"end":{"line":98,"column":42}},"98":{"start":{"line":99,"column":0},"end":{"line":99,"column":55}},"99":{"start":{"line":100,"column":0},"end":{"line":100,"column":35}},"100":{"start":{"line":101,"column":0},"end":{"line":101,"column":12}},"102":{"start":{"line":103,"column":0},"end":{"line":103,"column":29}},"104":{"start":{"line":105,"column":0},"end":{"line":105,"column":52}},"105":{"start":{"line":106,"column":0},"end":{"line":106,"column":44}},"106":{"start":{"line":107,"column":0},"end":{"line":107,"column":86}},"109":{"start":{"line":110,"column":0},"end":{"line":110,"column":48}},"110":{"start":{"line":111,"column":0},"end":{"line":111,"column":43}},"111":{"start":{"line":112,"column":0},"end":{"line":112,"column":82}},"113":{"start":{"line":114,"column":0},"end":{"line":114,"column":44}},"114":{"start":{"line":115,"column":0},"end":{"line":115,"column":37}},"115":{"start":{"line":116,"column":0},"end":{"line":116,"column":65}},"116":{"start":{"line":117,"column":0},"end":{"line":117,"column":38}},"117":{"start":{"line":118,"column":0},"end":{"line":118,"column":56}},"118":{"start":{"line":119,"column":0},"end":{"line":119,"column":36}},"119":{"start":{"line":120,"column":0},"end":{"line":120,"column":48}},"120":{"start":{"line":121,"column":0},"end":{"line":121,"column":38}},"121":{"start":{"line":122,"column":0},"end":{"line":122,"column":71}},"122":{"start":{"line":123,"column":0},"end":{"line":123,"column":14}},"123":{"start":{"line":124,"column":0},"end":{"line":124,"column":48}},"124":{"start":{"line":125,"column":0},"end":{"line":125,"column":38}},"125":{"start":{"line":126,"column":0},"end":{"line":126,"column":50}},"126":{"start":{"line":127,"column":0},"end":{"line":127,"column":7}},"127":{"start":{"line":128,"column":0},"end":{"line":128,"column":5}},"130":{"start":{"line":131,"column":0},"end":{"line":131,"column":54}},"131":{"start":{"line":132,"column":0},"end":{"line":132,"column":3}},"133":{"start":{"line":134,"column":0},"end":{"line":134,"column":21}},"134":{"start":{"line":135,"column":0},"end":{"line":135,"column":1}},"137":{"start":{"line":138,"column":0},"end":{"line":138,"column":32}},"138":{"start":{"line":139,"column":0},"end":{"line":139,"column":31}},"139":{"start":{"line":140,"column":0},"end":{"line":140,"column":32}},"140":{"start":{"line":141,"column":0},"end":{"line":141,"column":19}},"142":{"start":{"line":143,"column":0},"end":{"line":143,"column":101}},"143":{"start":{"line":144,"column":0},"end":{"line":144,"column":104}},"145":{"start":{"line":146,"column":0},"end":{"line":146,"column":29}},"146":{"start":{"line":147,"column":0},"end":{"line":147,"column":28}},"147":{"start":{"line":148,"column":0},"end":{"line":148,"column":30}},"148":{"start":{"line":149,"column":0},"end":{"line":149,"column":34}},"149":{"start":{"line":150,"column":0},"end":{"line":150,"column":65}},"150":{"start":{"line":151,"column":0},"end":{"line":151,"column":7}},"151":{"start":{"line":152,"column":0},"end":{"line":152,"column":5}},"152":{"start":{"line":153,"column":0},"end":{"line":153,"column":3}},"153":{"start":{"line":154,"column":0},"end":{"line":154,"column":26}},"154":{"start":{"line":155,"column":0},"end":{"line":155,"column":1}},"156":{"start":{"line":157,"column":0},"end":{"line":157,"column":31}},"157":{"start":{"line":158,"column":0},"end":{"line":158,"column":57}},"158":{"start":{"line":159,"column":0},"end":{"line":159,"column":23}},"159":{"start":{"line":160,"column":0},"end":{"line":160,"column":64}},"160":{"start":{"line":161,"column":0},"end":{"line":161,"column":3}},"161":{"start":{"line":162,"column":0},"end":{"line":162,"column":7}},"162":{"start":{"line":163,"column":0},"end":{"line":163,"column":34}},"163":{"start":{"line":164,"column":0},"end":{"line":164,"column":21}},"166":{"start":{"line":167,"column":0},"end":{"line":167,"column":36}},"167":{"start":{"line":168,"column":0},"end":{"line":168,"column":35}},"168":{"start":{"line":169,"column":0},"end":{"line":169,"column":5}},"170":{"start":{"line":171,"column":0},"end":{"line":171,"column":37}},"171":{"start":{"line":172,"column":0},"end":{"line":172,"column":38}},"172":{"start":{"line":173,"column":0},"end":{"line":173,"column":18}},"173":{"start":{"line":174,"column":0},"end":{"line":174,"column":59}},"174":{"start":{"line":175,"column":0},"end":{"line":175,"column":35}},"175":{"start":{"line":176,"column":0},"end":{"line":176,"column":5}},"178":{"start":{"line":179,"column":0},"end":{"line":179,"column":44}},"179":{"start":{"line":180,"column":0},"end":{"line":180,"column":27}},"181":{"start":{"line":182,"column":0},"end":{"line":182,"column":38}},"182":{"start":{"line":183,"column":0},"end":{"line":183,"column":59}},"183":{"start":{"line":184,"column":0},"end":{"line":184,"column":66}},"185":{"start":{"line":186,"column":0},"end":{"line":186,"column":29}},"186":{"start":{"line":187,"column":0},"end":{"line":187,"column":38}},"188":{"start":{"line":189,"column":0},"end":{"line":189,"column":20}},"189":{"start":{"line":190,"column":0},"end":{"line":190,"column":11}},"191":{"start":{"line":192,"column":0},"end":{"line":192,"column":3}},"192":{"start":{"line":193,"column":0},"end":{"line":193,"column":1}}},"s":{"3":0,"4":0,"5":0,"7":0,"8":0,"9":0,"10":0,"11":0,"12":0,"13":0,"14":0,"15":0,"16":0,"17":0,"18":0,"19":0,"21":0,"22":0,"23":0,"26":0,"27":0,"28":0,"29":0,"30":0,"31":0,"32":0,"33":0,"34":0,"35":0,"37":0,"38":0,"39":0,"41":0,"42":0,"43":0,"45":0,"46":0,"47":0,"48":0,"49":0,"50":0,"51":0,"52":0,"53":0,"54":0,"55":0,"56":0,"57":0,"58":0,"59":0,"60":0,"61":0,"62":0,"63":0,"64":0,"65":0,"66":0,"67":0,"68":0,"69":0,"70":0,"71":0,"72":0,"73":0,"74":0,"75":0,"76":0,"77":0,"78":0,"79":0,"80":0,"81":0,"82":0,"83":0,"84":0,"85":0,"86":0,"87":0,"88":0,"89":0,"90":0,"91":0,"92":0,"93":0,"94":0,"95":0,"96":0,"97":0,"98":0,"99":0,"100":0,"102":0,"104":0,"105":0,"106":0,"109":0,"110":0,"111":0,"113":0,"114":0,"115":0,"116":0,"117":0,"118":0,"119":0,"120":0,"121":0,"122":0,"123":0,"124":0,"125":0,"126":0,"127":0,"130":0,"131":0,"133":0,"134":0,"137":0,"138":0,"139":0,"140":0,"142":0,"143":0,"145":0,"146":0,"147":0,"148":0,"149":0,"150":0,"151":0,"152":0,"153":0,"154":0,"156":0,"157":0,"158":0,"159":0,"160":0,"161":0,"162":0,"163":0,"166":0,"167":0,"168":0,"170":0,"171":0,"172":0,"173":0,"174":0,"175":0,"178":0,"179":0,"181":0,"182":0,"183":0,"185":0,"186":0,"188":0,"189":0,"191":0,"192":0},"branchMap":{"0":{"type":"branch","line":1,"loc":{"start":{"line":1,"column":6391},"end":{"line":193,"column":1}},"locations":[{"start":{"line":1,"column":6391},"end":{"line":193,"column":1}}]}},"b":{"0":[1]},"fnMap":{"0":{"name":"(empty-report)","decl":{"start":{"line":1,"column":6391},"end":{"line":193,"column":1}},"loc":{"start":{"line":1,"column":6391},"end":{"line":193,"column":1}},"line":1}},"f":{"0":1}}
}
