{"/app/applet/src/utils/calculator.ts": {"path":"/app/applet/src/utils/calculator.ts","all":false,"statementMap":{"0":{"start":{"line":1,"column":0},"end":{"line":1,"column":47}},"2":{"start":{"line":3,"column":0},"end":{"line":3,"column":56}},"3":{"start":{"line":4,"column":0},"end":{"line":4,"column":8}},"11":{"start":{"line":12,"column":0},"end":{"line":12,"column":29}},"37":{"start":{"line":38,"column":0},"end":{"line":38,"column":36}},"38":{"start":{"line":39,"column":0},"end":{"line":39,"column":17}},"39":{"start":{"line":40,"column":0},"end":{"line":40,"column":17}},"40":{"start":{"line":41,"column":0},"end":{"line":41,"column":15}},"41":{"start":{"line":42,"column":0},"end":{"line":42,"column":17}},"42":{"start":{"line":43,"column":0},"end":{"line":43,"column":20}},"43":{"start":{"line":44,"column":0},"end":{"line":44,"column":14}},"44":{"start":{"line":45,"column":0},"end":{"line":45,"column":3}},"47":{"start":{"line":48,"column":0},"end":{"line":48,"column":42}},"48":{"start":{"line":49,"column":0},"end":{"line":49,"column":22}},"49":{"start":{"line":50,"column":0},"end":{"line":50,"column":25}},"50":{"start":{"line":51,"column":0},"end":{"line":51,"column":25}},"51":{"start":{"line":52,"column":0},"end":{"line":52,"column":28}},"52":{"start":{"line":53,"column":0},"end":{"line":53,"column":31}},"53":{"start":{"line":54,"column":0},"end":{"line":54,"column":31}},"54":{"start":{"line":55,"column":0},"end":{"line":55,"column":34}},"55":{"start":{"line":56,"column":0},"end":{"line":56,"column":39}},"56":{"start":{"line":57,"column":0},"end":{"line":57,"column":3}},"59":{"start":{"line":60,"column":0},"end":{"line":60,"column":40}},"60":{"start":{"line":61,"column":0},"end":{"line":61,"column":81}},"61":{"start":{"line":62,"column":0},"end":{"line":62,"column":3}},"66":{"start":{"line":67,"column":0},"end":{"line":67,"column":65}},"67":{"start":{"line":68,"column":0},"end":{"line":68,"column":56}},"69":{"start":{"line":70,"column":0},"end":{"line":70,"column":16}},"70":{"start":{"line":71,"column":0},"end":{"line":71,"column":41}},"71":{"start":{"line":72,"column":0},"end":{"line":72,"column":26}},"72":{"start":{"line":73,"column":0},"end":{"line":73,"column":14}},"73":{"start":{"line":74,"column":0},"end":{"line":74,"column":50}},"74":{"start":{"line":75,"column":0},"end":{"line":75,"column":33}},"75":{"start":{"line":76,"column":0},"end":{"line":76,"column":14}},"76":{"start":{"line":77,"column":0},"end":{"line":77,"column":34}},"77":{"start":{"line":78,"column":0},"end":{"line":78,"column":5}},"78":{"start":{"line":79,"column":0},"end":{"line":79,"column":3}},"79":{"start":{"line":80,"column":0},"end":{"line":80,"column":21}},"80":{"start":{"line":81,"column":0},"end":{"line":81,"column":1}},"88":{"start":{"line":89,"column":0},"end":{"line":89,"column":88}},"89":{"start":{"line":90,"column":0},"end":{"line":90,"column":21}},"91":{"start":{"line":92,"column":0},"end":{"line":92,"column":33}},"92":{"start":{"line":93,"column":0},"end":{"line":93,"column":25}},"95":{"start":{"line":96,"column":0},"end":{"line":96,"column":46}},"96":{"start":{"line":97,"column":0},"end":{"line":97,"column":22}},"97":{"start":{"line":98,"column":0},"end":{"line":98,"column":13}},"98":{"start":{"line":99,"column":0},"end":{"line":99,"column":5}},"101":{"start":{"line":102,"column":0},"end":{"line":102,"column":31}},"102":{"start":{"line":103,"column":0},"end":{"line":103,"column":47}},"103":{"start":{"line":104,"column":0},"end":{"line":104,"column":54}},"104":{"start":{"line":105,"column":0},"end":{"line":105,"column":24}},"105":{"start":{"line":106,"column":0},"end":{"line":106,"column":15}},"106":{"start":{"line":107,"column":0},"end":{"line":107,"column":7}},"109":{"start":{"line":110,"column":0},"end":{"line":110,"column":56}},"110":{"start":{"line":111,"column":0},"end":{"line":111,"column":46}},"111":{"start":{"line":112,"column":0},"end":{"line":112,"column":50}},"112":{"start":{"line":113,"column":0},"end":{"line":113,"column":73}},"113":{"start":{"line":114,"column":0},"end":{"line":114,"column":28}},"114":{"start":{"line":115,"column":0},"end":{"line":115,"column":19}},"115":{"start":{"line":116,"column":0},"end":{"line":116,"column":11}},"116":{"start":{"line":117,"column":0},"end":{"line":117,"column":9}},"117":{"start":{"line":118,"column":0},"end":{"line":118,"column":7}},"120":{"start":{"line":121,"column":0},"end":{"line":121,"column":31}},"121":{"start":{"line":122,"column":0},"end":{"line":122,"column":46}},"122":{"start":{"line":123,"column":0},"end":{"line":123,"column":50}},"123":{"start":{"line":124,"column":0},"end":{"line":124,"column":97}},"124":{"start":{"line":125,"column":0},"end":{"line":125,"column":28}},"125":{"start":{"line":126,"column":0},"end":{"line":126,"column":19}},"126":{"start":{"line":127,"column":0},"end":{"line":127,"column":11}},"127":{"start":{"line":128,"column":0},"end":{"line":128,"column":9}},"128":{"start":{"line":129,"column":0},"end":{"line":129,"column":7}},"129":{"start":{"line":130,"column":0},"end":{"line":130,"column":5}},"132":{"start":{"line":133,"column":0},"end":{"line":133,"column":29}},"133":{"start":{"line":134,"column":0},"end":{"line":134,"column":33}},"134":{"start":{"line":135,"column":0},"end":{"line":135,"column":42}},"135":{"start":{"line":136,"column":0},"end":{"line":136,"column":10}},"136":{"start":{"line":137,"column":0},"end":{"line":137,"column":40}},"137":{"start":{"line":138,"column":0},"end":{"line":138,"column":38}},"138":{"start":{"line":139,"column":0},"end":{"line":139,"column":40}},"139":{"start":{"line":140,"column":0},"end":{"line":140,"column":37}},"140":{"start":{"line":141,"column":0},"end":{"line":141,"column":9}},"141":{"start":{"line":142,"column":0},"end":{"line":142,"column":24}},"142":{"start":{"line":143,"column":0},"end":{"line":143,"column":15}},"143":{"start":{"line":144,"column":0},"end":{"line":144,"column":7}},"144":{"start":{"line":145,"column":0},"end":{"line":145,"column":5}},"147":{"start":{"line":148,"column":0},"end":{"line":148,"column":31}},"149":{"start":{"line":150,"column":0},"end":{"line":150,"column":87}},"150":{"start":{"line":151,"column":0},"end":{"line":151,"column":51}},"151":{"start":{"line":152,"column":0},"end":{"line":152,"column":64}},"152":{"start":{"line":153,"column":0},"end":{"line":153,"column":26}},"153":{"start":{"line":154,"column":0},"end":{"line":154,"column":17}},"154":{"start":{"line":155,"column":0},"end":{"line":155,"column":9}},"155":{"start":{"line":156,"column":0},"end":{"line":156,"column":7}},"156":{"start":{"line":157,"column":0},"end":{"line":157,"column":5}},"157":{"start":{"line":158,"column":0},"end":{"line":158,"column":5}},"159":{"start":{"line":160,"column":0},"end":{"line":160,"column":17}},"160":{"start":{"line":161,"column":0},"end":{"line":161,"column":1}},"165":{"start":{"line":166,"column":0},"end":{"line":166,"column":58}},"166":{"start":{"line":167,"column":0},"end":{"line":167,"column":22}},"167":{"start":{"line":168,"column":0},"end":{"line":168,"column":23}},"168":{"start":{"line":169,"column":0},"end":{"line":169,"column":23}},"169":{"start":{"line":170,"column":0},"end":{"line":170,"column":24}},"170":{"start":{"line":171,"column":0},"end":{"line":171,"column":24}},"173":{"start":{"line":174,"column":0},"end":{"line":174,"column":23}},"174":{"start":{"line":175,"column":0},"end":{"line":175,"column":29}},"175":{"start":{"line":176,"column":0},"end":{"line":176,"column":46}},"178":{"start":{"line":179,"column":0},"end":{"line":179,"column":68}},"180":{"start":{"line":181,"column":0},"end":{"line":181,"column":19}},"181":{"start":{"line":182,"column":0},"end":{"line":182,"column":1}},"186":{"start":{"line":187,"column":0},"end":{"line":187,"column":83}},"187":{"start":{"line":188,"column":0},"end":{"line":188,"column":46}},"188":{"start":{"line":189,"column":0},"end":{"line":189,"column":93}},"189":{"start":{"line":190,"column":0},"end":{"line":190,"column":17}},"190":{"start":{"line":191,"column":0},"end":{"line":191,"column":5}},"191":{"start":{"line":192,"column":0},"end":{"line":192,"column":37}},"192":{"start":{"line":193,"column":0},"end":{"line":193,"column":16}},"193":{"start":{"line":194,"column":0},"end":{"line":194,"column":42}},"194":{"start":{"line":195,"column":0},"end":{"line":195,"column":15}},"195":{"start":{"line":196,"column":0},"end":{"line":196,"column":4}},"197":{"start":{"line":198,"column":0},"end":{"line":198,"column":42}},"198":{"start":{"line":199,"column":0},"end":{"line":199,"column":50}},"199":{"start":{"line":200,"column":0},"end":{"line":200,"column":71}},"200":{"start":{"line":201,"column":0},"end":{"line":201,"column":9}},"201":{"start":{"line":202,"column":0},"end":{"line":202,"column":36}},"202":{"start":{"line":203,"column":0},"end":{"line":203,"column":13}},"203":{"start":{"line":204,"column":0},"end":{"line":204,"column":17}},"204":{"start":{"line":205,"column":0},"end":{"line":205,"column":5}},"205":{"start":{"line":206,"column":0},"end":{"line":206,"column":4}},"207":{"start":{"line":208,"column":0},"end":{"line":208,"column":42}},"209":{"start":{"line":210,"column":0},"end":{"line":210,"column":38}},"210":{"start":{"line":211,"column":0},"end":{"line":211,"column":38}},"211":{"start":{"line":212,"column":0},"end":{"line":212,"column":38}},"212":{"start":{"line":213,"column":0},"end":{"line":213,"column":40}},"213":{"start":{"line":214,"column":0},"end":{"line":214,"column":40}},"214":{"start":{"line":215,"column":0},"end":{"line":215,"column":40}},"217":{"start":{"line":218,"column":0},"end":{"line":218,"column":38}},"218":{"start":{"line":219,"column":0},"end":{"line":219,"column":40}},"219":{"start":{"line":220,"column":0},"end":{"line":220,"column":35}},"220":{"start":{"line":221,"column":0},"end":{"line":221,"column":38}},"221":{"start":{"line":222,"column":0},"end":{"line":222,"column":36}},"222":{"start":{"line":223,"column":0},"end":{"line":223,"column":38}},"223":{"start":{"line":224,"column":0},"end":{"line":224,"column":38}},"224":{"start":{"line":225,"column":0},"end":{"line":225,"column":36}},"225":{"start":{"line":226,"column":0},"end":{"line":226,"column":41}},"226":{"start":{"line":227,"column":0},"end":{"line":227,"column":40}},"227":{"start":{"line":228,"column":0},"end":{"line":228,"column":40}},"228":{"start":{"line":229,"column":0},"end":{"line":229,"column":38}},"229":{"start":{"line":230,"column":0},"end":{"line":230,"column":38}},"232":{"start":{"line":233,"column":0},"end":{"line":233,"column":27}},"233":{"start":{"line":234,"column":0},"end":{"line":234,"column":22}},"234":{"start":{"line":235,"column":0},"end":{"line":235,"column":19}},"235":{"start":{"line":236,"column":0},"end":{"line":236,"column":4}},"237":{"start":{"line":238,"column":0},"end":{"line":238,"column":28}},"238":{"start":{"line":239,"column":0},"end":{"line":239,"column":12}},"239":{"start":{"line":240,"column":0},"end":{"line":240,"column":19}},"240":{"start":{"line":241,"column":0},"end":{"line":241,"column":27}},"241":{"start":{"line":242,"column":0},"end":{"line":242,"column":47}},"242":{"start":{"line":243,"column":0},"end":{"line":243,"column":107}},"243":{"start":{"line":244,"column":0},"end":{"line":244,"column":19}},"244":{"start":{"line":245,"column":0},"end":{"line":245,"column":9}},"245":{"start":{"line":246,"column":0},"end":{"line":246,"column":45}},"246":{"start":{"line":247,"column":0},"end":{"line":247,"column":8}},"247":{"start":{"line":248,"column":0},"end":{"line":248,"column":27}},"248":{"start":{"line":249,"column":0},"end":{"line":249,"column":47}},"249":{"start":{"line":250,"column":0},"end":{"line":250,"column":78}},"250":{"start":{"line":251,"column":0},"end":{"line":251,"column":19}},"251":{"start":{"line":252,"column":0},"end":{"line":252,"column":9}},"252":{"start":{"line":253,"column":0},"end":{"line":253,"column":45}},"253":{"start":{"line":254,"column":0},"end":{"line":254,"column":8}},"254":{"start":{"line":255,"column":0},"end":{"line":255,"column":27}},"255":{"start":{"line":256,"column":0},"end":{"line":256,"column":47}},"256":{"start":{"line":257,"column":0},"end":{"line":257,"column":54}},"257":{"start":{"line":258,"column":0},"end":{"line":258,"column":45}},"258":{"start":{"line":259,"column":0},"end":{"line":259,"column":8}},"259":{"start":{"line":260,"column":0},"end":{"line":260,"column":58}},"260":{"start":{"line":261,"column":0},"end":{"line":261,"column":58}},"261":{"start":{"line":262,"column":0},"end":{"line":262,"column":58}},"262":{"start":{"line":263,"column":0},"end":{"line":263,"column":6}},"263":{"start":{"line":264,"column":0},"end":{"line":264,"column":3}},"265":{"start":{"line":266,"column":0},"end":{"line":266,"column":29}},"266":{"start":{"line":267,"column":0},"end":{"line":267,"column":12}},"267":{"start":{"line":268,"column":0},"end":{"line":268,"column":19}},"268":{"start":{"line":269,"column":0},"end":{"line":269,"column":27}},"269":{"start":{"line":270,"column":0},"end":{"line":270,"column":48}},"270":{"start":{"line":271,"column":0},"end":{"line":271,"column":110}},"271":{"start":{"line":272,"column":0},"end":{"line":272,"column":19}},"272":{"start":{"line":273,"column":0},"end":{"line":273,"column":9}},"273":{"start":{"line":274,"column":0},"end":{"line":274,"column":45}},"274":{"start":{"line":275,"column":0},"end":{"line":275,"column":8}},"275":{"start":{"line":276,"column":0},"end":{"line":276,"column":27}},"276":{"start":{"line":277,"column":0},"end":{"line":277,"column":48}},"277":{"start":{"line":278,"column":0},"end":{"line":278,"column":81}},"278":{"start":{"line":279,"column":0},"end":{"line":279,"column":19}},"279":{"start":{"line":280,"column":0},"end":{"line":280,"column":9}},"280":{"start":{"line":281,"column":0},"end":{"line":281,"column":45}},"281":{"start":{"line":282,"column":0},"end":{"line":282,"column":8}},"282":{"start":{"line":283,"column":0},"end":{"line":283,"column":27}},"283":{"start":{"line":284,"column":0},"end":{"line":284,"column":48}},"284":{"start":{"line":285,"column":0},"end":{"line":285,"column":56}},"285":{"start":{"line":286,"column":0},"end":{"line":286,"column":45}},"286":{"start":{"line":287,"column":0},"end":{"line":287,"column":8}},"287":{"start":{"line":288,"column":0},"end":{"line":288,"column":58}},"288":{"start":{"line":289,"column":0},"end":{"line":289,"column":58}},"289":{"start":{"line":290,"column":0},"end":{"line":290,"column":58}},"290":{"start":{"line":291,"column":0},"end":{"line":291,"column":6}},"291":{"start":{"line":292,"column":0},"end":{"line":292,"column":3}},"294":{"start":{"line":295,"column":0},"end":{"line":295,"column":10}},"295":{"start":{"line":296,"column":0},"end":{"line":296,"column":17}},"296":{"start":{"line":297,"column":0},"end":{"line":297,"column":36}},"297":{"start":{"line":298,"column":0},"end":{"line":298,"column":36}},"298":{"start":{"line":299,"column":0},"end":{"line":299,"column":25}},"299":{"start":{"line":300,"column":0},"end":{"line":300,"column":33}},"300":{"start":{"line":301,"column":0},"end":{"line":301,"column":56}},"301":{"start":{"line":302,"column":0},"end":{"line":302,"column":55}},"302":{"start":{"line":303,"column":0},"end":{"line":303,"column":25}},"303":{"start":{"line":304,"column":0},"end":{"line":304,"column":6}},"304":{"start":{"line":305,"column":0},"end":{"line":305,"column":38}},"305":{"start":{"line":306,"column":0},"end":{"line":306,"column":38}},"306":{"start":{"line":307,"column":0},"end":{"line":307,"column":38}},"307":{"start":{"line":308,"column":0},"end":{"line":308,"column":4}},"308":{"start":{"line":309,"column":0},"end":{"line":309,"column":1}},"314":{"start":{"line":315,"column":0},"end":{"line":315,"column":38}},"315":{"start":{"line":316,"column":0},"end":{"line":316,"column":15}},"316":{"start":{"line":317,"column":0},"end":{"line":317,"column":31}},"317":{"start":{"line":318,"column":0},"end":{"line":318,"column":31}},"318":{"start":{"line":319,"column":0},"end":{"line":319,"column":22}},"319":{"start":{"line":320,"column":0},"end":{"line":320,"column":30}},"320":{"start":{"line":321,"column":0},"end":{"line":321,"column":42}},"321":{"start":{"line":322,"column":0},"end":{"line":322,"column":3}},"323":{"start":{"line":324,"column":0},"end":{"line":324,"column":40}},"324":{"start":{"line":325,"column":0},"end":{"line":325,"column":42}},"325":{"start":{"line":326,"column":0},"end":{"line":326,"column":3}},"327":{"start":{"line":328,"column":0},"end":{"line":328,"column":7}},"328":{"start":{"line":329,"column":0},"end":{"line":329,"column":47}},"330":{"start":{"line":331,"column":0},"end":{"line":331,"column":28}},"331":{"start":{"line":332,"column":0},"end":{"line":332,"column":9}},"332":{"start":{"line":333,"column":0},"end":{"line":333,"column":40}},"333":{"start":{"line":334,"column":0},"end":{"line":334,"column":13}},"334":{"start":{"line":335,"column":0},"end":{"line":335,"column":44}},"335":{"start":{"line":336,"column":0},"end":{"line":336,"column":5}},"337":{"start":{"line":338,"column":0},"end":{"line":338,"column":43}},"338":{"start":{"line":339,"column":0},"end":{"line":339,"column":49}},"339":{"start":{"line":340,"column":0},"end":{"line":340,"column":44}},"340":{"start":{"line":341,"column":0},"end":{"line":341,"column":5}},"342":{"start":{"line":343,"column":0},"end":{"line":343,"column":45}},"343":{"start":{"line":344,"column":0},"end":{"line":344,"column":52}},"345":{"start":{"line":346,"column":0},"end":{"line":346,"column":12}},"346":{"start":{"line":347,"column":0},"end":{"line":347,"column":15}},"347":{"start":{"line":348,"column":0},"end":{"line":348,"column":17}},"348":{"start":{"line":349,"column":0},"end":{"line":349,"column":48}},"349":{"start":{"line":350,"column":0},"end":{"line":350,"column":15}},"350":{"start":{"line":351,"column":0},"end":{"line":351,"column":61}},"351":{"start":{"line":352,"column":0},"end":{"line":352,"column":55}},"352":{"start":{"line":353,"column":0},"end":{"line":353,"column":55}},"353":{"start":{"line":354,"column":0},"end":{"line":354,"column":23}},"354":{"start":{"line":355,"column":0},"end":{"line":355,"column":13}},"355":{"start":{"line":356,"column":0},"end":{"line":356,"column":24}},"356":{"start":{"line":357,"column":0},"end":{"line":357,"column":19}},"357":{"start":{"line":358,"column":0},"end":{"line":358,"column":24}},"358":{"start":{"line":359,"column":0},"end":{"line":359,"column":11}},"359":{"start":{"line":360,"column":0},"end":{"line":360,"column":10}},"360":{"start":{"line":361,"column":0},"end":{"line":361,"column":8}},"361":{"start":{"line":362,"column":0},"end":{"line":362,"column":6}},"362":{"start":{"line":363,"column":0},"end":{"line":363,"column":26}},"363":{"start":{"line":364,"column":0},"end":{"line":364,"column":46}},"364":{"start":{"line":365,"column":0},"end":{"line":365,"column":64}},"365":{"start":{"line":366,"column":0},"end":{"line":366,"column":46}},"366":{"start":{"line":367,"column":0},"end":{"line":367,"column":5}},"367":{"start":{"line":368,"column":0},"end":{"line":368,"column":42}},"368":{"start":{"line":369,"column":0},"end":{"line":369,"column":3}},"369":{"start":{"line":370,"column":0},"end":{"line":370,"column":1}},"374":{"start":{"line":375,"column":0},"end":{"line":375,"column":35}},"375":{"start":{"line":376,"column":0},"end":{"line":376,"column":15}},"376":{"start":{"line":377,"column":0},"end":{"line":377,"column":31}},"377":{"start":{"line":378,"column":0},"end":{"line":378,"column":24}},"378":{"start":{"line":379,"column":0},"end":{"line":379,"column":35}},"379":{"start":{"line":380,"column":0},"end":{"line":380,"column":15}},"380":{"start":{"line":381,"column":0},"end":{"line":381,"column":30}},"381":{"start":{"line":382,"column":0},"end":{"line":382,"column":35}},"382":{"start":{"line":383,"column":0},"end":{"line":383,"column":3}},"385":{"start":{"line":386,"column":0},"end":{"line":386,"column":40}},"386":{"start":{"line":387,"column":0},"end":{"line":387,"column":42}},"387":{"start":{"line":388,"column":0},"end":{"line":388,"column":3}},"389":{"start":{"line":390,"column":0},"end":{"line":390,"column":7}},"390":{"start":{"line":391,"column":0},"end":{"line":391,"column":47}},"393":{"start":{"line":394,"column":0},"end":{"line":394,"column":28}},"394":{"start":{"line":395,"column":0},"end":{"line":395,"column":9}},"395":{"start":{"line":396,"column":0},"end":{"line":396,"column":40}},"396":{"start":{"line":397,"column":0},"end":{"line":397,"column":13}},"397":{"start":{"line":398,"column":0},"end":{"line":398,"column":44}},"398":{"start":{"line":399,"column":0},"end":{"line":399,"column":5}},"401":{"start":{"line":402,"column":0},"end":{"line":402,"column":56}},"402":{"start":{"line":403,"column":0},"end":{"line":403,"column":49}},"403":{"start":{"line":404,"column":0},"end":{"line":404,"column":44}},"404":{"start":{"line":405,"column":0},"end":{"line":405,"column":5}},"406":{"start":{"line":407,"column":0},"end":{"line":407,"column":48}},"407":{"start":{"line":408,"column":0},"end":{"line":408,"column":41}},"408":{"start":{"line":409,"column":0},"end":{"line":409,"column":51}},"409":{"start":{"line":410,"column":0},"end":{"line":410,"column":44}},"411":{"start":{"line":412,"column":0},"end":{"line":412,"column":82}},"412":{"start":{"line":413,"column":0},"end":{"line":413,"column":44}},"413":{"start":{"line":414,"column":0},"end":{"line":414,"column":5}},"415":{"start":{"line":416,"column":0},"end":{"line":416,"column":37}},"416":{"start":{"line":417,"column":0},"end":{"line":417,"column":26}},"417":{"start":{"line":418,"column":0},"end":{"line":418,"column":42}},"418":{"start":{"line":419,"column":0},"end":{"line":419,"column":7}},"419":{"start":{"line":420,"column":0},"end":{"line":420,"column":30}},"420":{"start":{"line":421,"column":0},"end":{"line":421,"column":74}},"421":{"start":{"line":422,"column":0},"end":{"line":422,"column":7}},"424":{"start":{"line":425,"column":0},"end":{"line":425,"column":70}},"425":{"start":{"line":426,"column":0},"end":{"line":426,"column":53}},"426":{"start":{"line":427,"column":0},"end":{"line":427,"column":5}},"428":{"start":{"line":429,"column":0},"end":{"line":429,"column":47}},"429":{"start":{"line":430,"column":0},"end":{"line":430,"column":26}},"430":{"start":{"line":431,"column":0},"end":{"line":431,"column":46}},"431":{"start":{"line":432,"column":0},"end":{"line":432,"column":64}},"432":{"start":{"line":433,"column":0},"end":{"line":433,"column":46}},"433":{"start":{"line":434,"column":0},"end":{"line":434,"column":5}},"434":{"start":{"line":435,"column":0},"end":{"line":435,"column":42}},"435":{"start":{"line":436,"column":0},"end":{"line":436,"column":3}},"436":{"start":{"line":437,"column":0},"end":{"line":437,"column":1}},"441":{"start":{"line":442,"column":0},"end":{"line":442,"column":35}},"442":{"start":{"line":443,"column":0},"end":{"line":443,"column":15}},"443":{"start":{"line":444,"column":0},"end":{"line":444,"column":31}},"444":{"start":{"line":445,"column":0},"end":{"line":445,"column":24}},"445":{"start":{"line":446,"column":0},"end":{"line":446,"column":35}},"446":{"start":{"line":447,"column":0},"end":{"line":447,"column":11}},"447":{"start":{"line":448,"column":0},"end":{"line":448,"column":77}},"448":{"start":{"line":449,"column":0},"end":{"line":449,"column":18}},"449":{"start":{"line":450,"column":0},"end":{"line":450,"column":24}},"450":{"start":{"line":451,"column":0},"end":{"line":451,"column":3}},"451":{"start":{"line":452,"column":0},"end":{"line":452,"column":17}},"452":{"start":{"line":453,"column":0},"end":{"line":453,"column":1}},"454":{"start":{"line":455,"column":0},"end":{"line":455,"column":116}},"455":{"start":{"line":456,"column":0},"end":{"line":456,"column":17}},"456":{"start":{"line":457,"column":0},"end":{"line":457,"column":51}},"457":{"start":{"line":458,"column":0},"end":{"line":458,"column":3}},"458":{"start":{"line":459,"column":0},"end":{"line":459,"column":62}},"459":{"start":{"line":460,"column":0},"end":{"line":460,"column":33}},"460":{"start":{"line":461,"column":0},"end":{"line":461,"column":64}},"461":{"start":{"line":462,"column":0},"end":{"line":462,"column":75}},"462":{"start":{"line":463,"column":0},"end":{"line":463,"column":1}}},"s":{"0":1,"2":1,"3":1,"11":1,"37":1,"38":1,"39":1,"40":1,"41":1,"42":1,"43":1,"44":1,"47":1,"48":1,"49":1,"50":1,"51":1,"52":1,"53":1,"54":1,"55":1,"56":1,"59":1,"60":1,"61":1,"66":1,"67":99,"69":99,"70":99,"71":920,"72":96,"73":96,"74":920,"75":67,"76":67,"77":67,"78":920,"79":98,"80":98,"88":1,"89":95,"91":95,"92":335,"95":335,"96":10,"97":10,"98":10,"101":335,"102":65,"103":65,"104":6,"105":6,"106":6,"109":65,"110":4,"111":4,"112":4,"113":2,"114":2,"115":2,"116":4,"117":4,"120":65,"121":3,"122":3,"123":3,"124":1,"125":1,"126":1,"127":3,"128":3,"129":65,"132":335,"133":72,"134":72,"135":72,"136":72,"137":59,"138":59,"139":3,"140":72,"141":3,"142":3,"143":3,"144":72,"147":335,"149":38,"150":4,"151":4,"152":1,"153":1,"154":1,"155":4,"156":38,"157":95,"159":95,"160":95,"165":1,"166":97,"167":97,"168":97,"169":97,"170":97,"173":97,"174":97,"175":97,"178":97,"180":97,"181":97,"186":1,"187":72,"188":2,"189":0,"190":0,"191":2,"192":2,"193":2,"194":2,"195":2,"197":72,"198":2,"199":2,"200":2,"201":2,"202":2,"203":0,"204":0,"205":2,"207":72,"209":72,"210":72,"211":72,"212":72,"213":72,"214":72,"217":72,"218":72,"219":72,"220":72,"221":72,"222":72,"223":72,"224":72,"225":72,"226":72,"227":72,"228":72,"229":72,"232":72,"233":72,"234":72,"235":72,"237":72,"238":40,"239":40,"240":40,"241":3,"242":3,"243":1,"244":1,"245":2,"246":3,"247":40,"248":3,"249":3,"250":1,"251":1,"252":2,"253":3,"254":40,"255":5,"256":5,"257":2,"258":5,"259":40,"260":40,"261":40,"262":40,"263":40,"265":72,"266":4,"267":4,"268":4,"269":1,"270":1,"271":0,"272":0,"273":1,"274":1,"275":4,"276":1,"277":1,"278":0,"279":0,"280":1,"281":1,"282":4,"283":2,"284":2,"285":0,"286":2,"287":4,"288":4,"289":4,"290":4,"291":4,"294":28,"295":28,"296":28,"297":28,"298":28,"299":0,"300":0,"301":0,"302":0,"303":0,"304":28,"305":28,"306":28,"307":28,"308":28,"314":1,"315":3,"316":3,"317":3,"318":3,"319":3,"320":0,"321":0,"323":3,"324":0,"325":0,"327":3,"328":3,"330":3,"331":3,"332":3,"333":3,"334":0,"335":0,"337":3,"338":3,"339":2,"340":2,"342":1,"343":1,"345":1,"346":1,"347":1,"348":1,"349":2,"350":2,"351":2,"352":2,"353":2,"354":2,"355":0,"356":0,"357":0,"358":0,"359":2,"360":1,"361":1,"362":3,"363":0,"364":0,"365":0,"366":0,"367":0,"368":0,"369":3,"374":1,"375":98,"376":98,"377":98,"378":98,"379":98,"380":98,"381":2,"382":2,"385":98,"386":2,"387":2,"389":94,"390":94,"393":94,"394":94,"395":94,"396":98,"397":2,"398":2,"401":92,"402":98,"403":21,"404":21,"406":71,"407":71,"408":71,"409":71,"411":98,"412":0,"413":0,"415":71,"416":71,"417":6,"418":6,"419":71,"420":3,"421":3,"424":62,"425":62,"426":62,"428":0,"429":0,"430":0,"431":0,"432":0,"433":0,"434":0,"435":0,"436":98,"441":1,"442":74,"443":74,"444":74,"445":74,"446":74,"447":74,"448":74,"449":72,"450":72,"451":2,"452":2,"454":1,"455":3,"456":0,"457":0,"458":3,"459":3,"460":3,"461":1,"462":1},"branchMap":{"0":{"type":"branch","line":67,"loc":{"start":{"line":67,"column":7},"end":{"line":81,"column":1}},"locations":[{"start":{"line":67,"column":7},"end":{"line":81,"column":1}}]},"1":{"type":"branch","line":68,"loc":{"start":{"line":68,"column":43},"end":{"line":68,"column":56}},"locations":[{"start":{"line":68,"column":43},"end":{"line":68,"column":56}}]},"2":{"type":"branch","line":71,"loc":{"start":{"line":71,"column":40},"end":{"line":79,"column":3}},"locations":[{"start":{"line":71,"column":40},"end":{"line":79,"column":3}}]},"3":{"type":"branch","line":72,"loc":{"start":{"line":72,"column":25},"end":{"line":75,"column":15}},"locations":[{"start":{"line":72,"column":25},"end":{"line":75,"column":15}}]},"4":{"type":"branch","line":74,"loc":{"start":{"line":74,"column":37},"end":{"line":74,"column":50}},"locations":[{"start":{"line":74,"column":37},"end":{"line":74,"column":50}}]},"5":{"type":"branch","line":75,"loc":{"start":{"line":75,"column":4},"end":{"line":78,"column":5}},"locations":[{"start":{"line":75,"column":4},"end":{"line":78,"column":5}}]},"6":{"type":"branch","line":75,"loc":{"start":{"line":75,"column":32},"end":{"line":78,"column":5}},"locations":[{"start":{"line":75,"column":32},"end":{"line":78,"column":5}}]},"7":{"type":"branch","line":77,"loc":{"start":{"line":77,"column":21},"end":{"line":77,"column":34}},"locations":[{"start":{"line":77,"column":21},"end":{"line":77,"column":34}}]},"8":{"type":"branch","line":79,"loc":{"start":{"line":79,"column":2},"end":{"line":81,"column":1}},"locations":[{"start":{"line":79,"column":2},"end":{"line":81,"column":1}}]},"9":{"type":"branch","line":89,"loc":{"start":{"line":89,"column":7},"end":{"line":161,"column":1}},"locations":[{"start":{"line":89,"column":7},"end":{"line":161,"column":1}}]},"10":{"type":"branch","line":92,"loc":{"start":{"line":92,"column":16},"end":{"line":158,"column":3}},"locations":[{"start":{"line":92,"column":16},"end":{"line":158,"column":3}}]},"11":{"type":"branch","line":93,"loc":{"start":{"line":93,"column":18},"end":{"line":93,"column":25}},"locations":[{"start":{"line":93,"column":18},"end":{"line":93,"column":25}}]},"12":{"type":"branch","line":93,"loc":{"start":{"line":93,"column":18},"end":{"line":96,"column":45}},"locations":[{"start":{"line":93,"column":18},"end":{"line":96,"column":45}}]},"13":{"type":"branch","line":96,"loc":{"start":{"line":96,"column":45},"end":{"line":99,"column":5}},"locations":[{"start":{"line":96,"column":45},"end":{"line":99,"column":5}}]},"14":{"type":"branch","line":99,"loc":{"start":{"line":99,"column":4},"end":{"line":102,"column":30}},"locations":[{"start":{"line":99,"column":4},"end":{"line":102,"column":30}}]},"15":{"type":"branch","line":102,"loc":{"start":{"line":102,"column":30},"end":{"line":130,"column":5}},"locations":[{"start":{"line":102,"column":30},"end":{"line":130,"column":5}}]},"16":{"type":"branch","line":104,"loc":{"start":{"line":104,"column":53},"end":{"line":107,"column":7}},"locations":[{"start":{"line":104,"column":53},"end":{"line":107,"column":7}}]},"17":{"type":"branch","line":107,"loc":{"start":{"line":107,"column":6},"end":{"line":110,"column":55}},"locations":[{"start":{"line":107,"column":6},"end":{"line":110,"column":55}}]},"18":{"type":"branch","line":107,"loc":{"start":{"line":107,"column":6},"end":{"line":110,"column":36}},"locations":[{"start":{"line":107,"column":6},"end":{"line":110,"column":36}}]},"19":{"type":"branch","line":110,"loc":{"start":{"line":110,"column":21},"end":{"line":110,"column":55}},"locations":[{"start":{"line":110,"column":21},"end":{"line":110,"column":55}}]},"20":{"type":"branch","line":110,"loc":{"start":{"line":110,"column":55},"end":{"line":118,"column":7}},"locations":[{"start":{"line":110,"column":55},"end":{"line":118,"column":7}}]},"21":{"type":"branch","line":113,"loc":{"start":{"line":113,"column":36},"end":{"line":113,"column":72}},"locations":[{"start":{"line":113,"column":36},"end":{"line":113,"column":72}}]},"22":{"type":"branch","line":113,"loc":{"start":{"line":113,"column":72},"end":{"line":116,"column":11}},"locations":[{"start":{"line":113,"column":72},"end":{"line":116,"column":11}}]},"23":{"type":"branch","line":118,"loc":{"start":{"line":118,"column":6},"end":{"line":121,"column":30}},"locations":[{"start":{"line":118,"column":6},"end":{"line":121,"column":30}}]},"24":{"type":"branch","line":121,"loc":{"start":{"line":121,"column":30},"end":{"line":129,"column":7}},"locations":[{"start":{"line":121,"column":30},"end":{"line":129,"column":7}}]},"25":{"type":"branch","line":124,"loc":{"start":{"line":124,"column":36},"end":{"line":124,"column":96}},"locations":[{"start":{"line":124,"column":36},"end":{"line":124,"column":96}}]},"26":{"type":"branch","line":124,"loc":{"start":{"line":124,"column":66},"end":{"line":124,"column":96}},"locations":[{"start":{"line":124,"column":66},"end":{"line":124,"column":96}}]},"27":{"type":"branch","line":124,"loc":{"start":{"line":124,"column":96},"end":{"line":127,"column":11}},"locations":[{"start":{"line":124,"column":96},"end":{"line":127,"column":11}}]},"28":{"type":"branch","line":130,"loc":{"start":{"line":130,"column":4},"end":{"line":133,"column":28}},"locations":[{"start":{"line":130,"column":4},"end":{"line":133,"column":28}}]},"29":{"type":"branch","line":133,"loc":{"start":{"line":133,"column":28},"end":{"line":145,"column":5}},"locations":[{"start":{"line":133,"column":28},"end":{"line":145,"column":5}}]},"30":{"type":"branch","line":137,"loc":{"start":{"line":137,"column":36},"end":{"line":138,"column":38}},"locations":[{"start":{"line":137,"column":36},"end":{"line":138,"column":38}}]},"31":{"type":"branch","line":138,"loc":{"start":{"line":138,"column":34},"end":{"line":139,"column":40}},"locations":[{"start":{"line":138,"column":34},"end":{"line":139,"column":40}}]},"32":{"type":"branch","line":139,"loc":{"start":{"line":139,"column":36},"end":{"line":140,"column":37}},"locations":[{"start":{"line":139,"column":36},"end":{"line":140,"column":37}}]},"33":{"type":"branch","line":141,"loc":{"start":{"line":141,"column":8},"end":{"line":144,"column":7}},"locations":[{"start":{"line":141,"column":8},"end":{"line":144,"column":7}}]},"34":{"type":"branch","line":145,"loc":{"start":{"line":145,"column":4},"end":{"line":148,"column":30}},"locations":[{"start":{"line":145,"column":4},"end":{"line":148,"column":30}}]},"35":{"type":"branch","line":148,"loc":{"start":{"line":148,"column":30},"end":{"line":157,"column":5}},"locations":[{"start":{"line":148,"column":30},"end":{"line":157,"column":5}}]},"36":{"type":"branch","line":150,"loc":{"start":{"line":150,"column":24},"end":{"line":150,"column":53}},"locations":[{"start":{"line":150,"column":24},"end":{"line":150,"column":53}}]},"37":{"type":"branch","line":150,"loc":{"start":{"line":150,"column":44},"end":{"line":150,"column":86}},"locations":[{"start":{"line":150,"column":44},"end":{"line":150,"column":86}}]},"38":{"type":"branch","line":150,"loc":{"start":{"line":150,"column":86},"end":{"line":156,"column":7}},"locations":[{"start":{"line":150,"column":86},"end":{"line":156,"column":7}}]},"39":{"type":"branch","line":152,"loc":{"start":{"line":152,"column":63},"end":{"line":155,"column":9}},"locations":[{"start":{"line":152,"column":63},"end":{"line":155,"column":9}}]},"40":{"type":"branch","line":166,"loc":{"start":{"line":166,"column":7},"end":{"line":182,"column":1}},"locations":[{"start":{"line":166,"column":7},"end":{"line":182,"column":1}}]},"41":{"type":"branch","line":187,"loc":{"start":{"line":187,"column":7},"end":{"line":309,"column":1}},"locations":[{"start":{"line":187,"column":7},"end":{"line":309,"column":1}}]},"42":{"type":"branch","line":238,"loc":{"start":{"line":238,"column":27},"end":{"line":264,"column":3}},"locations":[{"start":{"line":238,"column":27},"end":{"line":264,"column":3}}]},"43":{"type":"branch","line":264,"loc":{"start":{"line":264,"column":2},"end":{"line":266,"column":28}},"locations":[{"start":{"line":264,"column":2},"end":{"line":266,"column":28}}]},"44":{"type":"branch","line":266,"loc":{"start":{"line":266,"column":28},"end":{"line":292,"column":3}},"locations":[{"start":{"line":266,"column":28},"end":{"line":292,"column":3}}]},"45":{"type":"branch","line":292,"loc":{"start":{"line":292,"column":2},"end":{"line":309,"column":1}},"locations":[{"start":{"line":292,"column":2},"end":{"line":309,"column":1}}]},"46":{"type":"branch","line":188,"loc":{"start":{"line":188,"column":22},"end":{"line":196,"column":4}},"locations":[{"start":{"line":188,"column":22},"end":{"line":196,"column":4}}]},"47":{"type":"branch","line":189,"loc":{"start":{"line":189,"column":92},"end":{"line":191,"column":5}},"locations":[{"start":{"line":189,"column":92},"end":{"line":191,"column":5}}]},"48":{"type":"branch","line":192,"loc":{"start":{"line":192,"column":28},"end":{"line":192,"column":37}},"locations":[{"start":{"line":192,"column":28},"end":{"line":192,"column":37}}]},"49":{"type":"branch","line":194,"loc":{"start":{"line":194,"column":33},"end":{"line":194,"column":42}},"locations":[{"start":{"line":194,"column":33},"end":{"line":194,"column":42}}]},"50":{"type":"branch","line":198,"loc":{"start":{"line":198,"column":18},"end":{"line":206,"column":4}},"locations":[{"start":{"line":198,"column":18},"end":{"line":206,"column":4}}]},"51":{"type":"branch","line":199,"loc":{"start":{"line":199,"column":13},"end":{"line":199,"column":39}},"locations":[{"start":{"line":199,"column":13},"end":{"line":199,"column":39}}]},"52":{"type":"branch","line":199,"loc":{"start":{"line":199,"column":39},"end":{"line":199,"column":50}},"locations":[{"start":{"line":199,"column":39},"end":{"line":199,"column":50}}]},"53":{"type":"branch","line":200,"loc":{"start":{"line":200,"column":55},"end":{"line":200,"column":71}},"locations":[{"start":{"line":200,"column":55},"end":{"line":200,"column":71}}]},"54":{"type":"branch","line":203,"loc":{"start":{"line":203,"column":4},"end":{"line":205,"column":5}},"locations":[{"start":{"line":203,"column":4},"end":{"line":205,"column":5}}]},"55":{"type":"branch","line":210,"loc":{"start":{"line":210,"column":10},"end":{"line":210,"column":38}},"locations":[{"start":{"line":210,"column":10},"end":{"line":210,"column":38}}]},"56":{"type":"branch","line":211,"loc":{"start":{"line":211,"column":10},"end":{"line":211,"column":38}},"locations":[{"start":{"line":211,"column":10},"end":{"line":211,"column":38}}]},"57":{"type":"branch","line":212,"loc":{"start":{"line":212,"column":10},"end":{"line":212,"column":38}},"locations":[{"start":{"line":212,"column":10},"end":{"line":212,"column":38}}]},"58":{"type":"branch","line":213,"loc":{"start":{"line":213,"column":11},"end":{"line":213,"column":40}},"locations":[{"start":{"line":213,"column":11},"end":{"line":213,"column":40}}]},"59":{"type":"branch","line":214,"loc":{"start":{"line":214,"column":11},"end":{"line":214,"column":40}},"locations":[{"start":{"line":214,"column":11},"end":{"line":214,"column":40}}]},"60":{"type":"branch","line":215,"loc":{"start":{"line":215,"column":11},"end":{"line":215,"column":40}},"locations":[{"start":{"line":215,"column":11},"end":{"line":215,"column":40}}]},"61":{"type":"branch","line":218,"loc":{"start":{"line":218,"column":9},"end":{"line":218,"column":38}},"locations":[{"start":{"line":218,"column":9},"end":{"line":218,"column":38}}]},"62":{"type":"branch","line":219,"loc":{"start":{"line":219,"column":11},"end":{"line":219,"column":40}},"locations":[{"start":{"line":219,"column":11},"end":{"line":219,"column":40}}]},"63":{"type":"branch","line":220,"loc":{"start":{"line":220,"column":8},"end":{"line":220,"column":35}},"locations":[{"start":{"line":220,"column":8},"end":{"line":220,"column":35}}]},"64":{"type":"branch","line":221,"loc":{"start":{"line":221,"column":10},"end":{"line":221,"column":38}},"locations":[{"start":{"line":221,"column":10},"end":{"line":221,"column":38}}]},"65":{"type":"branch","line":222,"loc":{"start":{"line":222,"column":9},"end":{"line":222,"column":36}},"locations":[{"start":{"line":222,"column":9},"end":{"line":222,"column":36}}]},"66":{"type":"branch","line":223,"loc":{"start":{"line":223,"column":10},"end":{"line":223,"column":38}},"locations":[{"start":{"line":223,"column":10},"end":{"line":223,"column":38}}]},"67":{"type":"branch","line":224,"loc":{"start":{"line":224,"column":10},"end":{"line":224,"column":38}},"locations":[{"start":{"line":224,"column":10},"end":{"line":224,"column":38}}]},"68":{"type":"branch","line":225,"loc":{"start":{"line":225,"column":9},"end":{"line":225,"column":36}},"locations":[{"start":{"line":225,"column":9},"end":{"line":225,"column":36}}]},"69":{"type":"branch","line":226,"loc":{"start":{"line":226,"column":9},"end":{"line":226,"column":41}},"locations":[{"start":{"line":226,"column":9},"end":{"line":226,"column":41}}]},"70":{"type":"branch","line":227,"loc":{"start":{"line":227,"column":11},"end":{"line":227,"column":40}},"locations":[{"start":{"line":227,"column":11},"end":{"line":227,"column":40}}]},"71":{"type":"branch","line":228,"loc":{"start":{"line":228,"column":11},"end":{"line":228,"column":40}},"locations":[{"start":{"line":228,"column":11},"end":{"line":228,"column":40}}]},"72":{"type":"branch","line":229,"loc":{"start":{"line":229,"column":10},"end":{"line":229,"column":38}},"locations":[{"start":{"line":229,"column":10},"end":{"line":229,"column":38}}]},"73":{"type":"branch","line":230,"loc":{"start":{"line":230,"column":10},"end":{"line":230,"column":38}},"locations":[{"start":{"line":230,"column":10},"end":{"line":230,"column":38}}]},"74":{"type":"branch","line":241,"loc":{"start":{"line":241,"column":11},"end":{"line":247,"column":8}},"locations":[{"start":{"line":241,"column":11},"end":{"line":247,"column":8}}]},"75":{"type":"branch","line":243,"loc":{"start":{"line":243,"column":65},"end":{"line":243,"column":106}},"locations":[{"start":{"line":243,"column":65},"end":{"line":243,"column":106}}]},"76":{"type":"branch","line":243,"loc":{"start":{"line":243,"column":106},"end":{"line":246,"column":45}},"locations":[{"start":{"line":243,"column":106},"end":{"line":246,"column":45}}]},"77":{"type":"branch","line":243,"loc":{"start":{"line":243,"column":106},"end":{"line":245,"column":9}},"locations":[{"start":{"line":243,"column":106},"end":{"line":245,"column":9}}]},"78":{"type":"branch","line":248,"loc":{"start":{"line":248,"column":11},"end":{"line":254,"column":8}},"locations":[{"start":{"line":248,"column":11},"end":{"line":254,"column":8}}]},"79":{"type":"branch","line":250,"loc":{"start":{"line":250,"column":36},"end":{"line":250,"column":77}},"locations":[{"start":{"line":250,"column":36},"end":{"line":250,"column":77}}]},"80":{"type":"branch","line":250,"loc":{"start":{"line":250,"column":77},"end":{"line":253,"column":45}},"locations":[{"start":{"line":250,"column":77},"end":{"line":253,"column":45}}]},"81":{"type":"branch","line":250,"loc":{"start":{"line":250,"column":77},"end":{"line":252,"column":9}},"locations":[{"start":{"line":250,"column":77},"end":{"line":252,"column":9}}]},"82":{"type":"branch","line":255,"loc":{"start":{"line":255,"column":11},"end":{"line":259,"column":8}},"locations":[{"start":{"line":255,"column":11},"end":{"line":259,"column":8}}]},"83":{"type":"branch","line":257,"loc":{"start":{"line":257,"column":43},"end":{"line":258,"column":45}},"locations":[{"start":{"line":257,"column":43},"end":{"line":258,"column":45}}]},"84":{"type":"branch","line":257,"loc":{"start":{"line":257,"column":43},"end":{"line":257,"column":54}},"locations":[{"start":{"line":257,"column":43},"end":{"line":257,"column":54}}]},"85":{"type":"branch","line":257,"loc":{"start":{"line":257,"column":50},"end":{"line":258,"column":45}},"locations":[{"start":{"line":257,"column":50},"end":{"line":258,"column":45}}]},"86":{"type":"branch","line":269,"loc":{"start":{"line":269,"column":11},"end":{"line":275,"column":8}},"locations":[{"start":{"line":269,"column":11},"end":{"line":275,"column":8}}]},"87":{"type":"branch","line":271,"loc":{"start":{"line":271,"column":109},"end":{"line":273,"column":9}},"locations":[{"start":{"line":271,"column":109},"end":{"line":273,"column":9}}]},"88":{"type":"branch","line":276,"loc":{"start":{"line":276,"column":11},"end":{"line":282,"column":8}},"locations":[{"start":{"line":276,"column":11},"end":{"line":282,"column":8}}]},"89":{"type":"branch","line":278,"loc":{"start":{"line":278,"column":80},"end":{"line":280,"column":9}},"locations":[{"start":{"line":278,"column":80},"end":{"line":280,"column":9}}]},"90":{"type":"branch","line":283,"loc":{"start":{"line":283,"column":11},"end":{"line":287,"column":8}},"locations":[{"start":{"line":283,"column":11},"end":{"line":287,"column":8}}]},"91":{"type":"branch","line":285,"loc":{"start":{"line":285,"column":52},"end":{"line":286,"column":45}},"locations":[{"start":{"line":285,"column":52},"end":{"line":286,"column":45}}]},"92":{"type":"branch","line":297,"loc":{"start":{"line":297,"column":9},"end":{"line":297,"column":36}},"locations":[{"start":{"line":297,"column":9},"end":{"line":297,"column":36}}]},"93":{"type":"branch","line":298,"loc":{"start":{"line":298,"column":9},"end":{"line":298,"column":36}},"locations":[{"start":{"line":298,"column":9},"end":{"line":298,"column":36}}]},"94":{"type":"branch","line":315,"loc":{"start":{"line":315,"column":7},"end":{"line":370,"column":1}},"locations":[{"start":{"line":315,"column":7},"end":{"line":370,"column":1}}]},"95":{"type":"branch","line":320,"loc":{"start":{"line":320,"column":29},"end":{"line":322,"column":3}},"locations":[{"start":{"line":320,"column":29},"end":{"line":322,"column":3}}]},"96":{"type":"branch","line":324,"loc":{"start":{"line":324,"column":39},"end":{"line":326,"column":3}},"locations":[{"start":{"line":324,"column":39},"end":{"line":326,"column":3}}]},"97":{"type":"branch","line":334,"loc":{"start":{"line":334,"column":4},"end":{"line":336,"column":5}},"locations":[{"start":{"line":334,"column":4},"end":{"line":336,"column":5}}]},"98":{"type":"branch","line":339,"loc":{"start":{"line":339,"column":48},"end":{"line":341,"column":5}},"locations":[{"start":{"line":339,"column":48},"end":{"line":341,"column":5}}]},"99":{"type":"branch","line":341,"loc":{"start":{"line":341,"column":4},"end":{"line":363,"column":11}},"locations":[{"start":{"line":341,"column":4},"end":{"line":363,"column":11}}]},"100":{"type":"branch","line":363,"loc":{"start":{"line":363,"column":2},"end":{"line":369,"column":3}},"locations":[{"start":{"line":363,"column":2},"end":{"line":369,"column":3}}]},"101":{"type":"branch","line":349,"loc":{"start":{"line":349,"column":18},"end":{"line":360,"column":10}},"locations":[{"start":{"line":349,"column":18},"end":{"line":360,"column":10}}]},"102":{"type":"branch","line":355,"loc":{"start":{"line":355,"column":12},"end":{"line":359,"column":11}},"locations":[{"start":{"line":355,"column":12},"end":{"line":359,"column":11}}]},"103":{"type":"branch","line":375,"loc":{"start":{"line":375,"column":7},"end":{"line":437,"column":1}},"locations":[{"start":{"line":375,"column":7},"end":{"line":437,"column":1}}]},"104":{"type":"branch","line":381,"loc":{"start":{"line":381,"column":7},"end":{"line":381,"column":29}},"locations":[{"start":{"line":381,"column":7},"end":{"line":381,"column":29}}]},"105":{"type":"branch","line":381,"loc":{"start":{"line":381,"column":29},"end":{"line":383,"column":3}},"locations":[{"start":{"line":381,"column":29},"end":{"line":383,"column":3}}]},"106":{"type":"branch","line":383,"loc":{"start":{"line":383,"column":2},"end":{"line":386,"column":39}},"locations":[{"start":{"line":383,"column":2},"end":{"line":386,"column":39}}]},"107":{"type":"branch","line":386,"loc":{"start":{"line":386,"column":39},"end":{"line":388,"column":3}},"locations":[{"start":{"line":386,"column":39},"end":{"line":388,"column":3}}]},"108":{"type":"branch","line":388,"loc":{"start":{"line":388,"column":2},"end":{"line":397,"column":12}},"locations":[{"start":{"line":388,"column":2},"end":{"line":397,"column":12}}]},"109":{"type":"branch","line":397,"loc":{"start":{"line":397,"column":4},"end":{"line":399,"column":5}},"locations":[{"start":{"line":397,"column":4},"end":{"line":399,"column":5}}]},"110":{"type":"branch","line":399,"loc":{"start":{"line":399,"column":4},"end":{"line":403,"column":48}},"locations":[{"start":{"line":399,"column":4},"end":{"line":403,"column":48}}]},"111":{"type":"branch","line":403,"loc":{"start":{"line":403,"column":48},"end":{"line":405,"column":5}},"locations":[{"start":{"line":403,"column":48},"end":{"line":405,"column":5}}]},"112":{"type":"branch","line":405,"loc":{"start":{"line":405,"column":4},"end":{"line":412,"column":51}},"locations":[{"start":{"line":405,"column":4},"end":{"line":412,"column":51}}]},"113":{"type":"branch","line":412,"loc":{"start":{"line":412,"column":43},"end":{"line":412,"column":81}},"locations":[{"start":{"line":412,"column":43},"end":{"line":412,"column":81}}]},"114":{"type":"branch","line":412,"loc":{"start":{"line":412,"column":81},"end":{"line":414,"column":5}},"locations":[{"start":{"line":412,"column":81},"end":{"line":414,"column":5}}]},"115":{"type":"branch","line":414,"loc":{"start":{"line":414,"column":4},"end":{"line":427,"column":5}},"locations":[{"start":{"line":414,"column":4},"end":{"line":427,"column":5}}]},"116":{"type":"branch","line":417,"loc":{"start":{"line":417,"column":25},"end":{"line":419,"column":7}},"locations":[{"start":{"line":417,"column":25},"end":{"line":419,"column":7}}]},"117":{"type":"branch","line":419,"loc":{"start":{"line":419,"column":6},"end":{"line":420,"column":29}},"locations":[{"start":{"line":419,"column":6},"end":{"line":420,"column":29}}]},"118":{"type":"branch","line":420,"loc":{"start":{"line":420,"column":29},"end":{"line":422,"column":7}},"locations":[{"start":{"line":420,"column":29},"end":{"line":422,"column":7}}]},"119":{"type":"branch","line":421,"loc":{"start":{"line":421,"column":43},"end":{"line":421,"column":60}},"locations":[{"start":{"line":421,"column":43},"end":{"line":421,"column":60}}]},"120":{"type":"branch","line":421,"loc":{"start":{"line":421,"column":47},"end":{"line":421,"column":72}},"locations":[{"start":{"line":421,"column":47},"end":{"line":421,"column":72}}]},"121":{"type":"branch","line":422,"loc":{"start":{"line":422,"column":6},"end":{"line":427,"column":5}},"locations":[{"start":{"line":422,"column":6},"end":{"line":427,"column":5}}]},"122":{"type":"branch","line":427,"loc":{"start":{"line":427,"column":4},"end":{"line":436,"column":3}},"locations":[{"start":{"line":427,"column":4},"end":{"line":436,"column":3}}]},"123":{"type":"branch","line":442,"loc":{"start":{"line":442,"column":7},"end":{"line":453,"column":1}},"locations":[{"start":{"line":442,"column":7},"end":{"line":453,"column":1}}]},"124":{"type":"branch","line":449,"loc":{"start":{"line":449,"column":17},"end":{"line":451,"column":3}},"locations":[{"start":{"line":449,"column":17},"end":{"line":451,"column":3}}]},"125":{"type":"branch","line":451,"loc":{"start":{"line":451,"column":2},"end":{"line":453,"column":1}},"locations":[{"start":{"line":451,"column":2},"end":{"line":453,"column":1}}]},"126":{"type":"branch","line":455,"loc":{"start":{"line":455,"column":7},"end":{"line":463,"column":1}},"locations":[{"start":{"line":455,"column":7},"end":{"line":463,"column":1}}]},"127":{"type":"branch","line":456,"loc":{"start":{"line":456,"column":16},"end":{"line":458,"column":3}},"locations":[{"start":{"line":456,"column":16},"end":{"line":458,"column":3}}]},"128":{"type":"branch","line":459,"loc":{"start":{"line":459,"column":29},"end":{"line":459,"column":58}},"locations":[{"start":{"line":459,"column":29},"end":{"line":459,"column":58}}]},"129":{"type":"branch","line":459,"loc":{"start":{"line":459,"column":54},"end":{"line":459,"column":62}},"locations":[{"start":{"line":459,"column":54},"end":{"line":459,"column":62}}]},"130":{"type":"branch","line":460,"loc":{"start":{"line":460,"column":18},"end":{"line":460,"column":33}},"locations":[{"start":{"line":460,"column":18},"end":{"line":460,"column":33}}]},"131":{"type":"branch","line":460,"loc":{"start":{"line":460,"column":25},"end":{"line":461,"column":29}},"locations":[{"start":{"line":460,"column":25},"end":{"line":461,"column":29}}]},"132":{"type":"branch","line":461,"loc":{"start":{"line":461,"column":22},"end":{"line":463,"column":1}},"locations":[{"start":{"line":461,"column":22},"end":{"line":463,"column":1}}]},"133":{"type":"branch","line":461,"loc":{"start":{"line":461,"column":39},"end":{"line":461,"column":64}},"locations":[{"start":{"line":461,"column":39},"end":{"line":461,"column":64}}]}},"b":{"0":[99],"1":[0],"2":[920],"3":[96],"4":[1],"5":[824],"6":[67],"7":[0],"8":[98],"9":[95],"10":[335],"11":[51],"12":[284],"13":[10],"14":[274],"15":[65],"16":[6],"17":[62],"18":[59],"19":[57],"20":[4],"21":[2],"22":[2],"23":[57],"24":[3],"25":[2],"26":[0],"27":[1],"28":[265],"29":[72],"30":[59],"31":[59],"32":[3],"33":[3],"34":[262],"35":[38],"36":[34],"37":[4],"38":[4],"39":[1],"40":[97],"41":[72],"42":[40],"43":[32],"44":[4],"45":[28],"46":[2],"47":[0],"48":[0],"49":[7],"50":[2],"51":[0],"52":[0],"53":[0],"54":[0],"55":[1],"56":[1],"57":[1],"58":[1],"59":[1],"60":[1],"61":[1],"62":[3],"63":[2],"64":[2],"65":[2],"66":[5],"67":[2],"68":[1],"69":[4],"70":[1],"71":[1],"72":[1],"73":[1],"74":[3],"75":[2],"76":[2],"77":[1],"78":[3],"79":[2],"80":[2],"81":[1],"82":[5],"83":[4],"84":[3],"85":[2],"86":[1],"87":[0],"88":[1],"89":[0],"90":[2],"91":[0],"92":[3],"93":[2],"94":[3],"95":[0],"96":[0],"97":[0],"98":[2],"99":[1],"100":[0],"101":[2],"102":[0],"103":[98],"104":[97],"105":[2],"106":[96],"107":[2],"108":[94],"109":[2],"110":[92],"111":[21],"112":[71],"113":[71],"114":[0],"115":[71],"116":[6],"117":[65],"118":[3],"119":[2],"120":[1],"121":[62],"122":[0],"123":[74],"124":[72],"125":[2],"126":[3],"127":[0],"128":[2],"129":[1],"130":[1],"131":[2],"132":[1],"133":[0]},"fnMap":{"0":{"name":"prevalidateWebExpression","decl":{"start":{"line":67,"column":7},"end":{"line":81,"column":1}},"loc":{"start":{"line":67,"column":7},"end":{"line":81,"column":1}},"line":67},"1":{"name":"validateMathAst","decl":{"start":{"line":89,"column":7},"end":{"line":161,"column":1}},"loc":{"start":{"line":89,"column":7},"end":{"line":161,"column":1}},"line":89},"2":{"name":"sanitizeExpression","decl":{"start":{"line":166,"column":7},"end":{"line":182,"column":1}},"loc":{"start":{"line":166,"column":7},"end":{"line":182,"column":1}},"line":166},"3":{"name":"buildMathScope","decl":{"start":{"line":187,"column":7},"end":{"line":309,"column":1}},"loc":{"start":{"line":187,"column":7},"end":{"line":309,"column":1}},"line":187},"4":{"name":"factorialFn","decl":{"start":{"line":188,"column":22},"end":{"line":196,"column":4}},"loc":{"start":{"line":188,"column":22},"end":{"line":196,"column":4}},"line":188},"5":{"name":"gammaFn","decl":{"start":{"line":198,"column":18},"end":{"line":206,"column":4}},"loc":{"start":{"line":198,"column":18},"end":{"line":206,"column":4}},"line":198},"6":{"name":"sinh","decl":{"start":{"line":210,"column":10},"end":{"line":210,"column":38}},"loc":{"start":{"line":210,"column":10},"end":{"line":210,"column":38}},"line":210},"7":{"name":"cosh","decl":{"start":{"line":211,"column":10},"end":{"line":211,"column":38}},"loc":{"start":{"line":211,"column":10},"end":{"line":211,"column":38}},"line":211},"8":{"name":"tanh","decl":{"start":{"line":212,"column":10},"end":{"line":212,"column":38}},"loc":{"start":{"line":212,"column":10},"end":{"line":212,"column":38}},"line":212},"9":{"name":"asinh","decl":{"start":{"line":213,"column":11},"end":{"line":213,"column":40}},"loc":{"start":{"line":213,"column":11},"end":{"line":213,"column":40}},"line":213},"10":{"name":"acosh","decl":{"start":{"line":214,"column":11},"end":{"line":214,"column":40}},"loc":{"start":{"line":214,"column":11},"end":{"line":214,"column":40}},"line":214},"11":{"name":"atanh","decl":{"start":{"line":215,"column":11},"end":{"line":215,"column":40}},"loc":{"start":{"line":215,"column":11},"end":{"line":215,"column":40}},"line":215},"12":{"name":"log","decl":{"start":{"line":218,"column":9},"end":{"line":218,"column":38}},"loc":{"start":{"line":218,"column":9},"end":{"line":218,"column":38}},"line":218},"13":{"name":"log10","decl":{"start":{"line":219,"column":11},"end":{"line":219,"column":40}},"loc":{"start":{"line":219,"column":11},"end":{"line":219,"column":40}},"line":219},"14":{"name":"ln","decl":{"start":{"line":220,"column":8},"end":{"line":220,"column":35}},"loc":{"start":{"line":220,"column":8},"end":{"line":220,"column":35}},"line":220},"15":{"name":"log2","decl":{"start":{"line":221,"column":10},"end":{"line":221,"column":38}},"loc":{"start":{"line":221,"column":10},"end":{"line":221,"column":38}},"line":221},"16":{"name":"exp","decl":{"start":{"line":222,"column":9},"end":{"line":222,"column":36}},"loc":{"start":{"line":222,"column":9},"end":{"line":222,"column":36}},"line":222},"17":{"name":"sqrt","decl":{"start":{"line":223,"column":10},"end":{"line":223,"column":38}},"loc":{"start":{"line":223,"column":10},"end":{"line":223,"column":38}},"line":223},"18":{"name":"cbrt","decl":{"start":{"line":224,"column":10},"end":{"line":224,"column":38}},"loc":{"start":{"line":224,"column":10},"end":{"line":224,"column":38}},"line":224},"19":{"name":"abs","decl":{"start":{"line":225,"column":9},"end":{"line":225,"column":36}},"loc":{"start":{"line":225,"column":9},"end":{"line":225,"column":36}},"line":225},"20":{"name":"mod","decl":{"start":{"line":226,"column":9},"end":{"line":226,"column":41}},"loc":{"start":{"line":226,"column":9},"end":{"line":226,"column":41}},"line":226},"21":{"name":"round","decl":{"start":{"line":227,"column":11},"end":{"line":227,"column":40}},"loc":{"start":{"line":227,"column":11},"end":{"line":227,"column":40}},"line":227},"22":{"name":"floor","decl":{"start":{"line":228,"column":11},"end":{"line":228,"column":40}},"loc":{"start":{"line":228,"column":11},"end":{"line":228,"column":40}},"line":228},"23":{"name":"ceil","decl":{"start":{"line":229,"column":10},"end":{"line":229,"column":38}},"loc":{"start":{"line":229,"column":10},"end":{"line":229,"column":38}},"line":229},"24":{"name":"sign","decl":{"start":{"line":230,"column":10},"end":{"line":230,"column":38}},"loc":{"start":{"line":230,"column":10},"end":{"line":230,"column":38}},"line":230},"25":{"name":"sin","decl":{"start":{"line":241,"column":11},"end":{"line":247,"column":8}},"loc":{"start":{"line":241,"column":11},"end":{"line":247,"column":8}},"line":241},"26":{"name":"cos","decl":{"start":{"line":248,"column":11},"end":{"line":254,"column":8}},"loc":{"start":{"line":248,"column":11},"end":{"line":254,"column":8}},"line":248},"27":{"name":"tan","decl":{"start":{"line":255,"column":11},"end":{"line":259,"column":8}},"loc":{"start":{"line":255,"column":11},"end":{"line":259,"column":8}},"line":255},"28":{"name":"asin","decl":{"start":{"line":260,"column":12},"end":{"line":260,"column":58}},"loc":{"start":{"line":260,"column":12},"end":{"line":260,"column":58}},"line":260},"29":{"name":"acos","decl":{"start":{"line":261,"column":12},"end":{"line":261,"column":58}},"loc":{"start":{"line":261,"column":12},"end":{"line":261,"column":58}},"line":261},"30":{"name":"atan","decl":{"start":{"line":262,"column":12},"end":{"line":262,"column":58}},"loc":{"start":{"line":262,"column":12},"end":{"line":262,"column":58}},"line":262},"31":{"name":"sin","decl":{"start":{"line":269,"column":11},"end":{"line":275,"column":8}},"loc":{"start":{"line":269,"column":11},"end":{"line":275,"column":8}},"line":269},"32":{"name":"cos","decl":{"start":{"line":276,"column":11},"end":{"line":282,"column":8}},"loc":{"start":{"line":276,"column":11},"end":{"line":282,"column":8}},"line":276},"33":{"name":"tan","decl":{"start":{"line":283,"column":11},"end":{"line":287,"column":8}},"loc":{"start":{"line":283,"column":11},"end":{"line":287,"column":8}},"line":283},"34":{"name":"asin","decl":{"start":{"line":288,"column":12},"end":{"line":288,"column":58}},"loc":{"start":{"line":288,"column":12},"end":{"line":288,"column":58}},"line":288},"35":{"name":"acos","decl":{"start":{"line":289,"column":12},"end":{"line":289,"column":58}},"loc":{"start":{"line":289,"column":12},"end":{"line":289,"column":58}},"line":289},"36":{"name":"atan","decl":{"start":{"line":290,"column":12},"end":{"line":290,"column":58}},"loc":{"start":{"line":290,"column":12},"end":{"line":290,"column":58}},"line":290},"37":{"name":"sin","decl":{"start":{"line":297,"column":9},"end":{"line":297,"column":36}},"loc":{"start":{"line":297,"column":9},"end":{"line":297,"column":36}},"line":297},"38":{"name":"cos","decl":{"start":{"line":298,"column":9},"end":{"line":298,"column":36}},"loc":{"start":{"line":298,"column":9},"end":{"line":298,"column":36}},"line":298},"39":{"name":"tan","decl":{"start":{"line":299,"column":9},"end":{"line":304,"column":6}},"loc":{"start":{"line":299,"column":9},"end":{"line":304,"column":6}},"line":299},"40":{"name":"asin","decl":{"start":{"line":305,"column":10},"end":{"line":305,"column":38}},"loc":{"start":{"line":305,"column":10},"end":{"line":305,"column":38}},"line":305},"41":{"name":"acos","decl":{"start":{"line":306,"column":10},"end":{"line":306,"column":38}},"loc":{"start":{"line":306,"column":10},"end":{"line":306,"column":38}},"line":306},"42":{"name":"atan","decl":{"start":{"line":307,"column":10},"end":{"line":307,"column":38}},"loc":{"start":{"line":307,"column":10},"end":{"line":307,"column":38}},"line":307},"43":{"name":"compileSafeExpression","decl":{"start":{"line":315,"column":7},"end":{"line":370,"column":1}},"loc":{"start":{"line":315,"column":7},"end":{"line":370,"column":1}},"line":315},"44":{"name":"evaluate","decl":{"start":{"line":349,"column":18},"end":{"line":360,"column":10}},"loc":{"start":{"line":349,"column":18},"end":{"line":360,"column":10}},"line":349},"45":{"name":"evaluateWithResult","decl":{"start":{"line":375,"column":7},"end":{"line":437,"column":1}},"loc":{"start":{"line":375,"column":7},"end":{"line":437,"column":1}},"line":375},"46":{"name":"evaluateExpression","decl":{"start":{"line":442,"column":7},"end":{"line":453,"column":1}},"loc":{"start":{"line":442,"column":7},"end":{"line":453,"column":1}},"line":442},"47":{"name":"formatNumber","decl":{"start":{"line":455,"column":7},"end":{"line":463,"column":1}},"loc":{"start":{"line":455,"column":7},"end":{"line":463,"column":1}},"line":455}},"f":{"0":99,"1":95,"2":97,"3":72,"4":2,"5":2,"6":1,"7":1,"8":1,"9":1,"10":1,"11":1,"12":1,"13":3,"14":2,"15":2,"16":2,"17":5,"18":2,"19":1,"20":4,"21":1,"22":1,"23":1,"24":1,"25":3,"26":3,"27":5,"28":0,"29":0,"30":0,"31":1,"32":1,"33":2,"34":0,"35":0,"36":0,"37":3,"38":2,"39":0,"40":0,"41":0,"42":0,"43":3,"44":2,"45":98,"46":74,"47":3}}
,"/app/applet/src/utils/formatting.ts": {"path":"/app/applet/src/utils/formatting.ts","all":false,"statementMap":{"2":{"start":{"line":3,"column":0},"end":{"line":3,"column":41}},"3":{"start":{"line":4,"column":0},"end":{"line":4,"column":23}},"4":{"start":{"line":5,"column":0},"end":{"line":5,"column":33}},"5":{"start":{"line":6,"column":0},"end":{"line":6,"column":11}},"6":{"start":{"line":7,"column":0},"end":{"line":7,"column":32}},"7":{"start":{"line":8,"column":0},"end":{"line":8,"column":102}},"8":{"start":{"line":9,"column":0},"end":{"line":9,"column":17}},"9":{"start":{"line":10,"column":0},"end":{"line":10,"column":5}},"10":{"start":{"line":11,"column":0},"end":{"line":11,"column":31}},"11":{"start":{"line":12,"column":0},"end":{"line":12,"column":34}},"12":{"start":{"line":13,"column":0},"end":{"line":13,"column":17}},"13":{"start":{"line":14,"column":0},"end":{"line":14,"column":3}},"15":{"start":{"line":16,"column":0},"end":{"line":16,"column":58}},"16":{"start":{"line":17,"column":0},"end":{"line":17,"column":64}},"18":{"start":{"line":19,"column":0},"end":{"line":19,"column":79}},"19":{"start":{"line":20,"column":0},"end":{"line":20,"column":52}},"20":{"start":{"line":21,"column":0},"end":{"line":21,"column":69}},"22":{"start":{"line":23,"column":0},"end":{"line":23,"column":34}},"23":{"start":{"line":24,"column":0},"end":{"line":24,"column":40}},"24":{"start":{"line":25,"column":0},"end":{"line":25,"column":3}},"26":{"start":{"line":27,"column":0},"end":{"line":27,"column":35}},"27":{"start":{"line":28,"column":0},"end":{"line":28,"column":30}},"28":{"start":{"line":29,"column":0},"end":{"line":29,"column":62}},"29":{"start":{"line":30,"column":0},"end":{"line":30,"column":45}},"30":{"start":{"line":31,"column":0},"end":{"line":31,"column":73}},"31":{"start":{"line":32,"column":0},"end":{"line":32,"column":3}},"35":{"start":{"line":36,"column":0},"end":{"line":36,"column":24}},"36":{"start":{"line":37,"column":0},"end":{"line":37,"column":30}},"37":{"start":{"line":38,"column":0},"end":{"line":38,"column":31}},"38":{"start":{"line":39,"column":0},"end":{"line":39,"column":10}},"39":{"start":{"line":40,"column":0},"end":{"line":40,"column":61}},"40":{"start":{"line":41,"column":0},"end":{"line":41,"column":34}},"41":{"start":{"line":42,"column":0},"end":{"line":42,"column":3}},"44":{"start":{"line":45,"column":0},"end":{"line":45,"column":37}},"45":{"start":{"line":46,"column":0},"end":{"line":46,"column":29}},"46":{"start":{"line":47,"column":0},"end":{"line":47,"column":31}},"48":{"start":{"line":49,"column":0},"end":{"line":49,"column":39}},"49":{"start":{"line":50,"column":0},"end":{"line":50,"column":68}},"50":{"start":{"line":51,"column":0},"end":{"line":51,"column":71}},"51":{"start":{"line":52,"column":0},"end":{"line":52,"column":46}},"52":{"start":{"line":53,"column":0},"end":{"line":53,"column":68}},"53":{"start":{"line":54,"column":0},"end":{"line":54,"column":71}},"54":{"start":{"line":55,"column":0},"end":{"line":55,"column":47}},"55":{"start":{"line":56,"column":0},"end":{"line":56,"column":68}},"56":{"start":{"line":57,"column":0},"end":{"line":57,"column":71}},"57":{"start":{"line":58,"column":0},"end":{"line":58,"column":3}},"59":{"start":{"line":60,"column":0},"end":{"line":60,"column":69}},"60":{"start":{"line":61,"column":0},"end":{"line":61,"column":1}},"62":{"start":{"line":63,"column":0},"end":{"line":63,"column":47}},"70":{"start":{"line":71,"column":0},"end":{"line":71,"column":6}},"71":{"start":{"line":72,"column":0},"end":{"line":72,"column":8}},"72":{"start":{"line":73,"column":0},"end":{"line":73,"column":21}},"73":{"start":{"line":74,"column":0},"end":{"line":74,"column":23}},"74":{"start":{"line":75,"column":0},"end":{"line":75,"column":21}},"75":{"start":{"line":76,"column":0},"end":{"line":76,"column":25}},"76":{"start":{"line":77,"column":0},"end":{"line":77,"column":29}},"77":{"start":{"line":78,"column":0},"end":{"line":78,"column":32}},"78":{"start":{"line":79,"column":0},"end":{"line":79,"column":25}},"79":{"start":{"line":80,"column":0},"end":{"line":80,"column":4}},"80":{"start":{"line":81,"column":0},"end":{"line":81,"column":12}},"81":{"start":{"line":82,"column":0},"end":{"line":82,"column":26}},"82":{"start":{"line":83,"column":0},"end":{"line":83,"column":23}},"83":{"start":{"line":84,"column":0},"end":{"line":84,"column":21}},"84":{"start":{"line":85,"column":0},"end":{"line":85,"column":29}},"85":{"start":{"line":86,"column":0},"end":{"line":86,"column":33}},"86":{"start":{"line":87,"column":0},"end":{"line":87,"column":36}},"87":{"start":{"line":88,"column":0},"end":{"line":88,"column":29}},"88":{"start":{"line":89,"column":0},"end":{"line":89,"column":4}},"89":{"start":{"line":90,"column":0},"end":{"line":90,"column":11}},"90":{"start":{"line":91,"column":0},"end":{"line":91,"column":26}},"91":{"start":{"line":92,"column":0},"end":{"line":92,"column":23}},"92":{"start":{"line":93,"column":0},"end":{"line":93,"column":21}},"93":{"start":{"line":94,"column":0},"end":{"line":94,"column":28}},"94":{"start":{"line":95,"column":0},"end":{"line":95,"column":32}},"95":{"start":{"line":96,"column":0},"end":{"line":96,"column":35}},"96":{"start":{"line":97,"column":0},"end":{"line":97,"column":28}},"97":{"start":{"line":98,"column":0},"end":{"line":98,"column":4}},"98":{"start":{"line":99,"column":0},"end":{"line":99,"column":10}},"99":{"start":{"line":100,"column":0},"end":{"line":100,"column":23}},"100":{"start":{"line":101,"column":0},"end":{"line":101,"column":23}},"101":{"start":{"line":102,"column":0},"end":{"line":102,"column":21}},"102":{"start":{"line":103,"column":0},"end":{"line":103,"column":27}},"103":{"start":{"line":104,"column":0},"end":{"line":104,"column":31}},"104":{"start":{"line":105,"column":0},"end":{"line":105,"column":34}},"105":{"start":{"line":106,"column":0},"end":{"line":106,"column":27}},"106":{"start":{"line":107,"column":0},"end":{"line":107,"column":4}},"107":{"start":{"line":108,"column":0},"end":{"line":108,"column":9}},"108":{"start":{"line":109,"column":0},"end":{"line":109,"column":22}},"109":{"start":{"line":110,"column":0},"end":{"line":110,"column":23}},"110":{"start":{"line":111,"column":0},"end":{"line":111,"column":21}},"111":{"start":{"line":112,"column":0},"end":{"line":112,"column":26}},"112":{"start":{"line":113,"column":0},"end":{"line":113,"column":30}},"113":{"start":{"line":114,"column":0},"end":{"line":114,"column":33}},"114":{"start":{"line":115,"column":0},"end":{"line":115,"column":26}},"115":{"start":{"line":116,"column":0},"end":{"line":116,"column":4}},"116":{"start":{"line":117,"column":0},"end":{"line":117,"column":9}},"117":{"start":{"line":118,"column":0},"end":{"line":118,"column":22}},"118":{"start":{"line":119,"column":0},"end":{"line":119,"column":23}},"119":{"start":{"line":120,"column":0},"end":{"line":120,"column":21}},"120":{"start":{"line":121,"column":0},"end":{"line":121,"column":26}},"121":{"start":{"line":122,"column":0},"end":{"line":122,"column":30}},"122":{"start":{"line":123,"column":0},"end":{"line":123,"column":33}},"123":{"start":{"line":124,"column":0},"end":{"line":124,"column":26}},"124":{"start":{"line":125,"column":0},"end":{"line":125,"column":4}},"125":{"start":{"line":126,"column":0},"end":{"line":126,"column":2}}},"s":{"2":1,"3":9,"4":9,"5":9,"6":9,"7":4,"8":4,"9":4,"10":0,"11":0,"12":0,"13":0,"15":9,"16":9,"18":9,"19":9,"20":9,"22":9,"23":1,"24":1,"26":9,"27":1,"28":1,"29":1,"30":1,"31":1,"35":3,"36":9,"37":1,"38":9,"39":2,"40":2,"41":2,"44":3,"45":3,"46":3,"48":9,"49":1,"50":1,"51":9,"52":1,"53":1,"54":1,"55":1,"56":1,"57":1,"59":9,"60":9,"62":1,"70":1,"71":1,"72":1,"73":1,"74":1,"75":1,"76":1,"77":1,"78":1,"79":1,"80":1,"81":1,"82":1,"83":1,"84":1,"85":1,"86":1,"87":1,"88":1,"89":1,"90":1,"91":1,"92":1,"93":1,"94":1,"95":1,"96":1,"97":1,"98":1,"99":1,"100":1,"101":1,"102":1,"103":1,"104":1,"105":1,"106":1,"107":1,"108":1,"109":1,"110":1,"111":1,"112":1,"113":1,"114":1,"115":1,"116":1,"117":1,"118":1,"119":1,"120":1,"121":1,"122":1,"123":1,"124":1,"125":1},"branchMap":{"0":{"type":"branch","line":3,"loc":{"start":{"line":3,"column":7},"end":{"line":61,"column":1}},"locations":[{"start":{"line":3,"column":7},"end":{"line":61,"column":1}}]},"1":{"type":"branch","line":7,"loc":{"start":{"line":7,"column":31},"end":{"line":14,"column":3}},"locations":[{"start":{"line":7,"column":31},"end":{"line":14,"column":3}}]},"2":{"type":"branch","line":8,"loc":{"start":{"line":8,"column":16},"end":{"line":8,"column":44}},"locations":[{"start":{"line":8,"column":16},"end":{"line":8,"column":44}}]},"3":{"type":"branch","line":8,"loc":{"start":{"line":8,"column":35},"end":{"line":8,"column":66}},"locations":[{"start":{"line":8,"column":35},"end":{"line":8,"column":66}}]},"4":{"type":"branch","line":8,"loc":{"start":{"line":8,"column":52},"end":{"line":8,"column":89}},"locations":[{"start":{"line":8,"column":52},"end":{"line":8,"column":89}}]},"5":{"type":"branch","line":8,"loc":{"start":{"line":8,"column":74},"end":{"line":8,"column":101}},"locations":[{"start":{"line":8,"column":74},"end":{"line":8,"column":101}}]},"6":{"type":"branch","line":10,"loc":{"start":{"line":10,"column":4},"end":{"line":14,"column":3}},"locations":[{"start":{"line":10,"column":4},"end":{"line":14,"column":3}}]},"7":{"type":"branch","line":14,"loc":{"start":{"line":14,"column":2},"end":{"line":16,"column":45}},"locations":[{"start":{"line":14,"column":2},"end":{"line":16,"column":45}}]},"8":{"type":"branch","line":16,"loc":{"start":{"line":16,"column":45},"end":{"line":16,"column":58}},"locations":[{"start":{"line":16,"column":45},"end":{"line":16,"column":58}}]},"9":{"type":"branch","line":16,"loc":{"start":{"line":16,"column":52},"end":{"line":17,"column":29}},"locations":[{"start":{"line":16,"column":52},"end":{"line":17,"column":29}}]},"10":{"type":"branch","line":17,"loc":{"start":{"line":17,"column":22},"end":{"line":17,"column":64}},"locations":[{"start":{"line":17,"column":22},"end":{"line":17,"column":64}}]},"11":{"type":"branch","line":17,"loc":{"start":{"line":17,"column":52},"end":{"line":19,"column":44}},"locations":[{"start":{"line":17,"column":52},"end":{"line":19,"column":44}}]},"12":{"type":"branch","line":19,"loc":{"start":{"line":19,"column":44},"end":{"line":19,"column":77}},"locations":[{"start":{"line":19,"column":44},"end":{"line":19,"column":77}}]},"13":{"type":"branch","line":19,"loc":{"start":{"line":19,"column":65},"end":{"line":19,"column":79}},"locations":[{"start":{"line":19,"column":65},"end":{"line":19,"column":79}}]},"14":{"type":"branch","line":20,"loc":{"start":{"line":20,"column":19},"end":{"line":20,"column":41}},"locations":[{"start":{"line":20,"column":19},"end":{"line":20,"column":41}}]},"15":{"type":"branch","line":20,"loc":{"start":{"line":20,"column":29},"end":{"line":20,"column":52}},"locations":[{"start":{"line":20,"column":29},"end":{"line":20,"column":52}}]},"16":{"type":"branch","line":21,"loc":{"start":{"line":21,"column":29},"end":{"line":21,"column":61}},"locations":[{"start":{"line":21,"column":29},"end":{"line":21,"column":61}}]},"17":{"type":"branch","line":21,"loc":{"start":{"line":21,"column":39},"end":{"line":21,"column":69}},"locations":[{"start":{"line":21,"column":39},"end":{"line":21,"column":69}}]},"18":{"type":"branch","line":23,"loc":{"start":{"line":23,"column":33},"end":{"line":25,"column":3}},"locations":[{"start":{"line":23,"column":33},"end":{"line":25,"column":3}}]},"19":{"type":"branch","line":25,"loc":{"start":{"line":25,"column":2},"end":{"line":27,"column":34}},"locations":[{"start":{"line":25,"column":2},"end":{"line":27,"column":34}}]},"20":{"type":"branch","line":27,"loc":{"start":{"line":27,"column":34},"end":{"line":32,"column":3}},"locations":[{"start":{"line":27,"column":34},"end":{"line":32,"column":3}}]},"21":{"type":"branch","line":28,"loc":{"start":{"line":28,"column":19},"end":{"line":28,"column":30}},"locations":[{"start":{"line":28,"column":19},"end":{"line":28,"column":30}}]},"22":{"type":"branch","line":31,"loc":{"start":{"line":31,"column":56},"end":{"line":31,"column":64}},"locations":[{"start":{"line":31,"column":56},"end":{"line":31,"column":64}}]},"23":{"type":"branch","line":32,"loc":{"start":{"line":32,"column":2},"end":{"line":37,"column":29}},"locations":[{"start":{"line":32,"column":2},"end":{"line":37,"column":29}}]},"24":{"type":"branch","line":37,"loc":{"start":{"line":37,"column":29},"end":{"line":39,"column":9}},"locations":[{"start":{"line":37,"column":29},"end":{"line":39,"column":9}}]},"25":{"type":"branch","line":39,"loc":{"start":{"line":39,"column":2},"end":{"line":42,"column":3}},"locations":[{"start":{"line":39,"column":2},"end":{"line":42,"column":3}}]},"26":{"type":"branch","line":42,"loc":{"start":{"line":42,"column":2},"end":{"line":49,"column":38}},"locations":[{"start":{"line":42,"column":2},"end":{"line":49,"column":38}}]},"27":{"type":"branch","line":49,"loc":{"start":{"line":49,"column":38},"end":{"line":52,"column":13}},"locations":[{"start":{"line":49,"column":38},"end":{"line":52,"column":13}}]},"28":{"type":"branch","line":51,"loc":{"start":{"line":51,"column":54},"end":{"line":51,"column":71}},"locations":[{"start":{"line":51,"column":54},"end":{"line":51,"column":71}}]},"29":{"type":"branch","line":52,"loc":{"start":{"line":52,"column":2},"end":{"line":58,"column":3}},"locations":[{"start":{"line":52,"column":2},"end":{"line":58,"column":3}}]},"30":{"type":"branch","line":52,"loc":{"start":{"line":52,"column":45},"end":{"line":58,"column":3}},"locations":[{"start":{"line":52,"column":45},"end":{"line":58,"column":3}}]},"31":{"type":"branch","line":54,"loc":{"start":{"line":54,"column":11},"end":{"line":54,"column":59}},"locations":[{"start":{"line":54,"column":11},"end":{"line":54,"column":59}}]},"32":{"type":"branch","line":57,"loc":{"start":{"line":57,"column":54},"end":{"line":57,"column":71}},"locations":[{"start":{"line":57,"column":54},"end":{"line":57,"column":71}}]},"33":{"type":"branch","line":58,"loc":{"start":{"line":58,"column":2},"end":{"line":60,"column":57}},"locations":[{"start":{"line":58,"column":2},"end":{"line":60,"column":57}}]},"34":{"type":"branch","line":60,"loc":{"start":{"line":60,"column":52},"end":{"line":60,"column":69}},"locations":[{"start":{"line":60,"column":52},"end":{"line":60,"column":69}}]}},"b":{"0":[9],"1":[4],"2":[3],"3":[2],"4":[1],"5":[0],"6":[0],"7":[5],"8":[0],"9":[5],"10":[0],"11":[5],"12":[4],"13":[1],"14":[5],"15":[3],"16":[5],"17":[2],"18":[1],"19":[4],"20":[1],"21":[0],"22":[0],"23":[3],"24":[1],"25":[2],"26":[3],"27":[1],"28":[0],"29":[2],"30":[1],"31":[0],"32":[0],"33":[0],"34":[0]},"fnMap":{"0":{"name":"formatNumberWithSettings","decl":{"start":{"line":3,"column":7},"end":{"line":61,"column":1}},"loc":{"start":{"line":3,"column":7},"end":{"line":61,"column":1}},"line":3}},"f":{"0":9}}
,"/app/applet/src/utils/history.ts": {"path":"/app/applet/src/utils/history.ts","all":false,"statementMap":{"2":{"start":{"line":3,"column":0},"end":{"line":3,"column":42}},"4":{"start":{"line":5,"column":0},"end":{"line":5,"column":45}},"5":{"start":{"line":6,"column":0},"end":{"line":6,"column":7}},"6":{"start":{"line":7,"column":0},"end":{"line":7,"column":50}},"7":{"start":{"line":8,"column":0},"end":{"line":8,"column":38}},"8":{"start":{"line":9,"column":0},"end":{"line":9,"column":11}},"9":{"start":{"line":10,"column":0},"end":{"line":10,"column":14}},"10":{"start":{"line":11,"column":0},"end":{"line":11,"column":3}},"11":{"start":{"line":12,"column":0},"end":{"line":12,"column":1}},"13":{"start":{"line":14,"column":0},"end":{"line":14,"column":27}},"14":{"start":{"line":15,"column":0},"end":{"line":15,"column":22}},"15":{"start":{"line":16,"column":0},"end":{"line":16,"column":18}},"16":{"start":{"line":17,"column":0},"end":{"line":17,"column":17}},"17":{"start":{"line":18,"column":0},"end":{"line":18,"column":33}},"18":{"start":{"line":19,"column":0},"end":{"line":19,"column":18}},"19":{"start":{"line":20,"column":0},"end":{"line":20,"column":72}},"22":{"start":{"line":23,"column":0},"end":{"line":23,"column":45}},"23":{"start":{"line":24,"column":0},"end":{"line":24,"column":50}},"25":{"start":{"line":26,"column":0},"end":{"line":26,"column":31}},"26":{"start":{"line":27,"column":0},"end":{"line":27,"column":9}},"27":{"start":{"line":28,"column":0},"end":{"line":28,"column":70}},"28":{"start":{"line":29,"column":0},"end":{"line":29,"column":26}},"29":{"start":{"line":30,"column":0},"end":{"line":30,"column":49}},"30":{"start":{"line":31,"column":0},"end":{"line":31,"column":66}},"31":{"start":{"line":32,"column":0},"end":{"line":32,"column":70}},"32":{"start":{"line":33,"column":0},"end":{"line":33,"column":7}},"33":{"start":{"line":34,"column":0},"end":{"line":34,"column":13}},"35":{"start":{"line":36,"column":0},"end":{"line":36,"column":5}},"36":{"start":{"line":37,"column":0},"end":{"line":37,"column":25}},"37":{"start":{"line":38,"column":0},"end":{"line":38,"column":24}},"38":{"start":{"line":39,"column":0},"end":{"line":39,"column":3}},"40":{"start":{"line":41,"column":0},"end":{"line":41,"column":31}},"41":{"start":{"line":42,"column":0},"end":{"line":42,"column":32}},"42":{"start":{"line":43,"column":0},"end":{"line":43,"column":76}},"43":{"start":{"line":44,"column":0},"end":{"line":44,"column":15}},"44":{"start":{"line":45,"column":0},"end":{"line":45,"column":11}},"45":{"start":{"line":46,"column":0},"end":{"line":46,"column":9}},"46":{"start":{"line":47,"column":0},"end":{"line":47,"column":26}},"47":{"start":{"line":48,"column":0},"end":{"line":48,"column":4}},"49":{"start":{"line":50,"column":0},"end":{"line":50,"column":59}},"50":{"start":{"line":51,"column":0},"end":{"line":51,"column":7}},"51":{"start":{"line":52,"column":0},"end":{"line":52,"column":63}},"52":{"start":{"line":53,"column":0},"end":{"line":53,"column":15}},"54":{"start":{"line":55,"column":0},"end":{"line":55,"column":63}},"55":{"start":{"line":56,"column":0},"end":{"line":56,"column":3}},"56":{"start":{"line":57,"column":0},"end":{"line":57,"column":17}},"57":{"start":{"line":58,"column":0},"end":{"line":58,"column":1}},"
[...]
olumn":3}},"locations":[{"start":{"line":200,"column":4},"end":{"line":201,"column":3}}]},"55":{"type":"branch","line":201,"loc":{"start":{"line":201,"column":2},"end":{"line":209,"column":1}},"locations":[{"start":{"line":201,"column":2},"end":{"line":209,"column":1}}]},"56":{"type":"branch","line":161,"loc":{"start":{"line":161,"column":48},"end":{"line":164,"column":3}},"locations":[{"start":{"line":161,"column":48},"end":{"line":164,"column":3}}]},"57":{"type":"branch","line":163,"loc":{"start":{"line":163,"column":33},"end":{"line":163,"column":60}},"locations":[{"start":{"line":163,"column":33},"end":{"line":163,"column":60}}]},"58":{"type":"branch","line":163,"loc":{"start":{"line":163,"column":50},"end":{"line":163,"column":58}},"locations":[{"start":{"line":163,"column":50},"end":{"line":163,"column":58}}]},"59":{"type":"branch","line":163,"loc":{"start":{"line":163,"column":54},"end":{"line":163,"column":60}},"locations":[{"start":{"line":163,"column":54},"end":{"line":163,"column":60}}]},"60":{"type":"branch","line":204,"loc":{"start":{"line":204,"column":48},"end":{"line":205,"column":54}},"locations":[{"start":{"line":204,"column":48},"end":{"line":205,"column":54}}]},"61":{"type":"branch","line":205,"loc":{"start":{"line":205,"column":30},"end":{"line":205,"column":53}},"locations":[{"start":{"line":205,"column":30},"end":{"line":205,"column":53}}]},"62":{"type":"branch","line":214,"loc":{"start":{"line":214,"column":7},"end":{"line":220,"column":1}},"locations":[{"start":{"line":214,"column":7},"end":{"line":220,"column":1}}]},"63":{"type":"branch","line":217,"loc":{"start":{"line":217,"column":38},"end":{"line":218,"column":53}},"locations":[{"start":{"line":217,"column":38},"end":{"line":218,"column":53}}]},"64":{"type":"branch","line":218,"loc":{"start":{"line":218,"column":33},"end":{"line":218,"column":52}},"locations":[{"start":{"line":218,"column":33},"end":{"line":218,"column":52}}]},"65":{"type":"branch","line":225,"loc":{"start":{"line":225,"column":7},"end":{"line":247,"column":1}},"locations":[{"start":{"line":225,"column":7},"end":{"line":247,"column":1}}]},"66":{"type":"branch","line":228,"loc":{"start":{"line":228,"column":69},"end":{"line":230,"column":3}},"locations":[{"start":{"line":228,"column":69},"end":{"line":230,"column":3}}]},"67":{"type":"branch","line":230,"loc":{"start":{"line":230,"column":2},"end":{"line":237,"column":34}},"locations":[{"start":{"line":230,"column":2},"end":{"line":237,"column":34}}]},"68":{"type":"branch","line":237,"loc":{"start":{"line":237,"column":34},"end":{"line":245,"column":3}},"locations":[{"start":{"line":237,"column":34},"end":{"line":245,"column":3}}]},"69":{"type":"branch","line":238,"loc":{"start":{"line":238,"column":36},"end":{"line":244,"column":5}},"locations":[{"start":{"line":238,"column":36},"end":{"line":244,"column":5}}]},"70":{"type":"branch","line":240,"loc":{"start":{"line":240,"column":38},"end":{"line":242,"column":7}},"locations":[{"start":{"line":240,"column":38},"end":{"line":242,"column":7}}]},"71":{"type":"branch","line":245,"loc":{"start":{"line":245,"column":2},"end":{"line":247,"column":1}},"locations":[{"start":{"line":245,"column":2},"end":{"line":247,"column":1}}]},"72":{"type":"branch","line":236,"loc":{"start":{"line":236,"column":52},"end":{"line":236,"column":78}},"locations":[{"start":{"line":236,"column":52},"end":{"line":236,"column":78}}]},"73":{"type":"branch","line":252,"loc":{"start":{"line":252,"column":7},"end":{"line":260,"column":1}},"locations":[{"start":{"line":252,"column":7},"end":{"line":260,"column":1}}]},"74":{"type":"branch","line":255,"loc":{"start":{"line":255,"column":100},"end":{"line":257,"column":3}},"locations":[{"start":{"line":255,"column":100},"end":{"line":257,"column":3}}]},"75":{"type":"branch","line":259,"loc":{"start":{"line":259,"column":15},"end":{"line":259,"column":61}},"locations":[{"start":{"line":259,"column":15},"end":{"line":259,"column":61}}]},"76":{"type":"branch","line":259,"loc":{"start":{"line":259,"column":35},"end":{"line":259,"column":60}},"locations":[{"start":{"line":259,"column":35},"end":{"line":259,"column":60}}]},"77":{"type":"branch","line":265,"loc":{"start":{"line":265,"column":7},"end":{"line":273,"column":1}},"locations":[{"start":{"line":265,"column":7},"end":{"line":273,"column":1}}]},"78":{"type":"branch","line":268,"loc":{"start":{"line":268,"column":100},"end":{"line":270,"column":3}},"locations":[{"start":{"line":268,"column":100},"end":{"line":270,"column":3}}]},"79":{"type":"branch","line":272,"loc":{"start":{"line":272,"column":15},"end":{"line":272,"column":61}},"locations":[{"start":{"line":272,"column":15},"end":{"line":272,"column":61}}]},"80":{"type":"branch","line":272,"loc":{"start":{"line":272,"column":35},"end":{"line":272,"column":60}},"locations":[{"start":{"line":272,"column":35},"end":{"line":272,"column":60}}]}},"b":{"0":[26],"1":[0],"2":[25],"3":[1],"4":[25],"5":[57],"6":[1],"7":[56],"8":[145],"9":[144],"10":[1],"11":[55],"12":[23],"13":[3],"14":[0],"15":[9],"16":[3],"17":[3],"18":[1],"19":[8],"20":[15],"21":[8],"22":[9],"23":[27],"24":[9],"25":[18],"26":[9],"27":[9],"28":[9],"29":[9],"30":[5],"31":[0],"32":[1],"33":[4],"34":[1],"35":[3],"36":[0],"37":[3],"38":[9],"39":[3],"40":[1],"41":[2],"42":[4],"43":[0],"44":[10],"45":[8],"46":[2],"47":[1],"48":[9],"49":[48],"50":[9],"51":[24],"52":[15],"53":[84],"54":[9],"55":[3],"56":[10],"57":[26],"58":[10],"59":[16],"60":[8],"61":[22],"62":[1],"63":[3],"64":[6],"65":[3],"66":[1],"67":[2],"68":[5],"69":[13],"70":[35],"71":[2],"72":[5],"73":[1],"74":[0],"75":[2],"76":[4],"77":[1],"78":[0],"79":[2],"80":[4]},"fnMap":{"0":{"name":"validateMatrix","decl":{"start":{"line":22,"column":7},"end":{"line":45,"column":1}},"loc":{"start":{"line":22,"column":7},"end":{"line":45,"column":1}},"line":22},"1":{"name":"decomposeLU","decl":{"start":{"line":51,"column":7},"end":{"line":113,"column":1}},"loc":{"start":{"line":51,"column":7},"end":{"line":113,"column":1}},"line":51},"2":{"name":"computeDeterminant","decl":{"start":{"line":119,"column":7},"end":{"line":149,"column":1}},"loc":{"start":{"line":119,"column":7},"end":{"line":149,"column":1}},"line":119},"3":{"name":"invertMatrix","decl":{"start":{"line":155,"column":7},"end":{"line":209,"column":1}},"loc":{"start":{"line":155,"column":7},"end":{"line":209,"column":1}},"line":155},"4":{"name":"transposeMatrix","decl":{"start":{"line":214,"column":7},"end":{"line":220,"column":1}},"loc":{"start":{"line":214,"column":7},"end":{"line":220,"column":1}},"line":214},"5":{"name":"multiplyMatrices","decl":{"start":{"line":225,"column":7},"end":{"line":247,"column":1}},"loc":{"start":{"line":225,"column":7},"end":{"line":247,"column":1}},"line":225},"6":{"name":"addMatrices","decl":{"start":{"line":252,"column":7},"end":{"line":260,"column":1}},"loc":{"start":{"line":252,"column":7},"end":{"line":260,"column":1}},"line":252},"7":{"name":"subtractMatrices","decl":{"start":{"line":265,"column":7},"end":{"line":273,"column":1}},"loc":{"start":{"line":265,"column":7},"end":{"line":273,"column":1}},"line":265}},"f":{"0":26,"1":3,"2":5,"3":4,"4":1,"5":3,"6":1,"7":1}}
,"/app/applet/src/utils/sound.ts": {"path":"/app/applet/src/utils/sound.ts","all":true,"statementMap":{"3":{"start":{"line":4,"column":0},"end":{"line":4,"column":41}},"4":{"start":{"line":5,"column":0},"end":{"line":5,"column":56}},"5":{"start":{"line":6,"column":0},"end":{"line":6,"column":29}},"7":{"start":{"line":8,"column":0},"end":{"line":8,"column":56}},"8":{"start":{"line":9,"column":0},"end":{"line":9,"column":49}},"9":{"start":{"line":10,"column":0},"end":{"line":10,"column":7}},"10":{"start":{"line":11,"column":0},"end":{"line":11,"column":20}},"11":{"start":{"line":12,"column":0},"end":{"line":12,"column":90}},"12":{"start":{"line":13,"column":0},"end":{"line":13,"column":30}},"13":{"start":{"line":14,"column":0},"end":{"line":14,"column":73}},"14":{"start":{"line":15,"column":0},"end":{"line":15,"column":7}},"15":{"start":{"line":16,"column":0},"end":{"line":16,"column":5}},"16":{"start":{"line":17,"column":0},"end":{"line":17,"column":53}},"17":{"start":{"line":18,"column":0},"end":{"line":18,"column":40}},"18":{"start":{"line":19,"column":0},"end":{"line":19,"column":5}},"19":{"start":{"line":20,"column":0},"end":{"line":20,"column":11}},"21":{"start":{"line":22,"column":0},"end":{"line":22,"column":3}},"22":{"start":{"line":23,"column":0},"end":{"line":23,"column":18}},"23":{"start":{"line":24,"column":0},"end":{"line":24,"column":1}},"26":{"start":{"line":27,"column":0},"end":{"line":27,"column":33}},"27":{"start":{"line":28,"column":0},"end":{"line":28,"column":20}},"28":{"start":{"line":29,"column":0},"end":{"line":29,"column":47}},"29":{"start":{"line":30,"column":0},"end":{"line":30,"column":49}},"30":{"start":{"line":31,"column":0},"end":{"line":31,"column":16}},"31":{"start":{"line":32,"column":0},"end":{"line":32,"column":36}},"32":{"start":{"line":33,"column":0},"end":{"line":33,"column":60}},"33":{"start":{"line":34,"column":0},"end":{"line":34,"column":42}},"34":{"start":{"line":35,"column":0},"end":{"line":35,"column":41}},"35":{"start":{"line":36,"column":0},"end":{"line":36,"column":41}},"37":{"start":{"line":38,"column":0},"end":{"line":38,"column":56}},"38":{"start":{"line":39,"column":0},"end":{"line":39,"column":67}},"39":{"start":{"line":40,"column":0},"end":{"line":40,"column":45}},"41":{"start":{"line":42,"column":0},"end":{"line":42,"column":41}},"42":{"start":{"line":43,"column":0},"end":{"line":43,"column":29}},"43":{"start":{"line":44,"column":0},"end":{"line":44,"column":19}},"45":{"start":{"line":46,"column":0},"end":{"line":46,"column":29}},"46":{"start":{"line":47,"column":0},"end":{"line":47,"column":27}},"47":{"start":{"line":48,"column":0},"end":{"line":48,"column":39}},"48":{"start":{"line":49,"column":0},"end":{"line":49,"column":30}},"49":{"start":{"line":50,"column":0},"end":{"line":50,"column":28}},"50":{"start":{"line":51,"column":0},"end":{"line":51,"column":37}},"51":{"start":{"line":52,"column":0},"end":{"line":52,"column":36}},"52":{"start":{"line":53,"column":0},"end":{"line":53,"column":28}},"53":{"start":{"line":54,"column":0},"end":{"line":54,"column":37}},"54":{"start":{"line":55,"column":0},"end":{"line":55,"column":36}},"55":{"start":{"line":56,"column":0},"end":{"line":56,"column":19}},"56":{"start":{"line":57,"column":0},"end":{"line":57,"column":37}},"57":{"start":{"line":58,"column":0},"end":{"line":58,"column":55}},"58":{"start":{"line":59,"column":0},"end":{"line":59,"column":7}},"59":{"start":{"line":60,"column":0},"end":{"line":60,"column":29}},"60":{"start":{"line":61,"column":0},"end":{"line":61,"column":61}},"61":{"start":{"line":62,"column":0},"end":{"line":62,"column":7}},"62":{"start":{"line":63,"column":0},"end":{"line":63,"column":36}},"63":{"start":{"line":64,"column":0},"end":{"line":64,"column":26}},"64":{"start":{"line":65,"column":0},"end":{"line":65,"column":24}},"65":{"start":{"line":66,"column":0},"end":{"line":66,"column":22}},"66":{"start":{"line":67,"column":0},"end":{"line":67,"column":30}},"67":{"start":{"line":68,"column":0},"end":{"line":68,"column":24}},"68":{"start":{"line":69,"column":0},"end":{"line":69,"column":22}},"69":{"start":{"line":70,"column":0},"end":{"line":70,"column":19}},"70":{"start":{"line":71,"column":0},"end":{"line":71,"column":36}},"71":{"start":{"line":72,"column":0},"end":{"line":72,"column":24}},"72":{"start":{"line":73,"column":0},"end":{"line":73,"column":22}},"73":{"start":{"line":74,"column":0},"end":{"line":74,"column":19}},"74":{"start":{"line":75,"column":0},"end":{"line":75,"column":36}},"75":{"start":{"line":76,"column":0},"end":{"line":76,"column":24}},"76":{"start":{"line":77,"column":0},"end":{"line":77,"column":22}},"77":{"start":{"line":78,"column":0},"end":{"line":78,"column":19}},"78":{"start":{"line":79,"column":0},"end":{"line":79,"column":7}},"79":{"start":{"line":80,"column":0},"end":{"line":80,"column":77}},"80":{"start":{"line":81,"column":0},"end":{"line":81,"column":44}},"81":{"start":{"line":82,"column":0},"end":{"line":82,"column":66}},"82":{"start":{"line":83,"column":0},"end":{"line":83,"column":35}},"83":{"start":{"line":84,"column":0},"end":{"line":84,"column":27}},"84":{"start":{"line":85,"column":0},"end":{"line":85,"column":24}},"85":{"start":{"line":86,"column":0},"end":{"line":86,"column":22}},"86":{"start":{"line":87,"column":0},"end":{"line":87,"column":30}},"87":{"start":{"line":88,"column":0},"end":{"line":88,"column":24}},"88":{"start":{"line":89,"column":0},"end":{"line":89,"column":23}},"89":{"start":{"line":90,"column":0},"end":{"line":90,"column":19}},"90":{"start":{"line":91,"column":0},"end":{"line":91,"column":36}},"91":{"start":{"line":92,"column":0},"end":{"line":92,"column":24}},"92":{"start":{"line":93,"column":0},"end":{"line":93,"column":22}},"93":{"start":{"line":94,"column":0},"end":{"line":94,"column":20}},"94":{"start":{"line":95,"column":0},"end":{"line":95,"column":7}},"95":{"start":{"line":96,"column":0},"end":{"line":96,"column":77}},"96":{"start":{"line":97,"column":0},"end":{"line":97,"column":44}},"97":{"start":{"line":98,"column":0},"end":{"line":98,"column":42}},"98":{"start":{"line":99,"column":0},"end":{"line":99,"column":55}},"99":{"start":{"line":100,"column":0},"end":{"line":100,"column":35}},"100":{"start":{"line":101,"column":0},"end":{"line":101,"column":12}},"102":{"start":{"line":103,"column":0},"end":{"line":103,"column":29}},"104":{"start":{"line":105,"column":0},"end":{"line":105,"column":52}},"105":{"start":{"line":106,"column":0},"end":{"line":106,"column":44}},"106":{"start":{"line":107,"column":0},"end":{"line":107,"column":86}},"109":{"start":{"line":110,"column":0},"end":{"line":110,"column":48}},"110":{"start":{"line":111,"column":0},"end":{"line":111,"column":43}},"111":{"start":{"line":112,"column":0},"end":{"line":112,"column":82}},"113":{"start":{"line":114,"column":0},"end":{"line":114,"column":44}},"114":{"start":{"line":115,"column":0},"end":{"line":115,"column":37}},"115":{"start":{"line":116,"column":0},"end":{"line":116,"column":65}},"116":{"start":{"line":117,"column":0},"end":{"line":117,"column":38}},"117":{"start":{"line":118,"column":0},"end":{"line":118,"column":56}},"118":{"start":{"line":119,"column":0},"end":{"line":119,"column":36}},"119":{"start":{"line":120,"column":0},"end":{"line":120,"column":48}},"120":{"start":{"line":121,"column":0},"end":{"line":121,"column":38}},"121":{"start":{"line":122,"column":0},"end":{"line":122,"column":71}},"122":{"start":{"line":123,"column":0},"end":{"line":123,"column":14}},"123":{"start":{"line":124,"column":0},"end":{"line":124,"column":48}},"124":{"start":{"line":125,"column":0},"end":{"line":125,"column":38}},"125":{"start":{"line":126,"column":0},"end":{"line":126,"column":50}},"126":{"start":{"line":127,"column":0},"end":{"line":127,"column":7}},"127":{"start":{"line":128,"column":0},"end":{"line":128,"column":5}},"130":{"start":{"line":131,"column":0},"end":{"line":131,"column":54}},"131":{"start":{"line":132,"column":0},"end":{"line":132,"column":3}},"133":{"start":{"line":134,"column":0},"end":{"line":134,"column":21}},"134":{"start":{"line":135,"column":0},"end":{"line":135,"column":1}},"137":{"start":{"line":138,"column":0},"end":{"line":138,"column":32}},"138":{"start":{"line":139,"column":0},"end":{"line":139,"column":31}},"139":{"start":{"line":140,"column":0},"end":{"line":140,"column":32}},"140":{"start":{"line":141,"column":0},"end":{"line":141,"column":19}},"142":{"start":{"line":143,"column":0},"end":{"line":143,"column":101}},"143":{"start":{"line":144,"column":0},"end":{"line":144,"column":104}},"145":{"start":{"line":146,"column":0},"end":{"line":146,"column":29}},"146":{"start":{"line":147,"column":0},"end":{"line":147,"column":28}},"147":{"start":{"line":148,"column":0},"end":{"line":148,"column":30}},"148":{"start":{"line":149,"column":0},"end":{"line":149,"column":34}},"149":{"start":{"line":150,"column":0},"end":{"line":150,"column":65}},"150":{"start":{"line":151,"column":0},"end":{"line":151,"column":7}},"151":{"start":{"line":152,"column":0},"end":{"line":152,"column":5}},"152":{"start":{"line":153,"column":0},"end":{"line":153,"column":3}},"153":{"start":{"line":154,"column":0},"end":{"line":154,"column":26}},"154":{"start":{"line":155,"column":0},"end":{"line":155,"column":1}},"156":{"start":{"line":157,"column":0},"end":{"line":157,"column":31}},"157":{"start":{"line":158,"column":0},"end":{"line":158,"column":57}},"158":{"start":{"line":159,"column":0},"end":{"line":159,"column":23}},"159":{"start":{"line":160,"column":0},"end":{"line":160,"column":64}},"160":{"start":{"line":161,"column":0},"end":{"line":161,"column":3}},"161":{"start":{"line":162,"column":0},"end":{"line":162,"column":7}},"162":{"start":{"line":163,"column":0},"end":{"line":163,"column":34}},"163":{"start":{"line":164,"column":0},"end":{"line":164,"column":21}},"166":{"start":{"line":167,"column":0},"end":{"line":167,"column":36}},"167":{"start":{"line":168,"column":0},"end":{"line":168,"column":35}},"168":{"start":{"line":169,"column":0},"end":{"line":169,"column":5}},"170":{"start":{"line":171,"column":0},"end":{"line":171,"column":37}},"171":{"start":{"line":172,"column":0},"end":{"line":172,"column":38}},"172":{"start":{"line":173,"column":0},"end":{"line":173,"column":18}},"173":{"start":{"line":174,"column":0},"end":{"line":174,"column":59}},"174":{"start":{"line":175,"column":0},"end":{"line":175,"column":35}},"175":{"start":{"line":176,"column":0},"end":{"line":176,"column":5}},"178":{"start":{"line":179,"column":0},"end":{"line":179,"column":44}},"179":{"start":{"line":180,"column":0},"end":{"line":180,"column":27}},"181":{"start":{"line":182,"column":0},"end":{"line":182,"column":38}},"182":{"start":{"line":183,"column":0},"end":{"line":183,"column":59}},"183":{"start":{"line":184,"column":0},"end":{"line":184,"column":66}},"185":{"start":{"line":186,"column":0},"end":{"line":186,"column":29}},"186":{"start":{"line":187,"column":0},"end":{"line":187,"column":38}},"188":{"start":{"line":189,"column":0},"end":{"line":189,"column":20}},"189":{"start":{"line":190,"column":0},"end":{"line":190,"column":11}},"191":{"start":{"line":192,"column":0},"end":{"line":192,"column":3}},"192":{"start":{"line":193,"column":0},"end":{"line":193,"column":1}}},"s":{"3":0,"4":0,"5":0,"7":0,"8":0,"9":0,"10":0,"11":0,"12":0,"13":0,"14":0,"15":0,"16":0,"17":0,"18":0,"19":0,"21":0,"22":0,"23":0,"26":0,"27":0,"28":0,"29":0,"30":0,"31":0,"32":0,"33":0,"34":0,"35":0,"37":0,"38":0,"39":0,"41":0,"42":0,"43":0,"45":0,"46":0,"47":0,"48":0,"49":0,"50":0,"51":0,"52":0,"53":0,"54":0,"55":0,"56":0,"57":0,"58":0,"59":0,"60":0,"61":0,"62":0,"63":0,"64":0,"65":0,"66":0,"67":0,"68":0,"69":0,"70":0,"71":0,"72":0,"73":0,"74":0,"75":0,"76":0,"77":0,"78":0,"79":0,"80":0,"81":0,"82":0,"83":0,"84":0,"85":0,"86":0,"87":0,"88":0,"89":0,"90":0,"91":0,"92":0,"93":0,"94":0,"95":0,"96":0,"97":0,"98":0,"99":0,"100":0,"102":0,"104":0,"105":0,"106":0,"109":0,"110":0,"111":0,"113":0,"114":0,"115":0,"116":0,"117":0,"118":0,"119":0,"120":0,"121":0,"122":0,"123":0,"124":0,"125":0,"126":0,"127":0,"130":0,"131":0,"133":0,"134":0,"137":0,"138":0,"139":0,"140":0,"142":0,"143":0,"145":0,"146":0,"147":0,"148":0,"149":0,"150":0,"151":0,"152":0,"153":0,"154":0,"156":0,"157":0,"158":0,"159":0,"160":0,"161":0,"162":0,"163":0,"166":0,"167":0,"168":0,"170":0,"171":0,"172":0,"173":0,"174":0,"175":0,"178":0,"179":0,"181":0,"182":0,"183":0,"185":0,"186":0,"188":0,"189":0,"191":0,"192":0},"branchMap":{"0":{"type":"branch","line":1,"loc":{"start":{"line":1,"column":6391},"end":{"line":193,"column":1}},"locations":[{"start":{"line":1,"column":6391},"end":{"line":193,"column":1}}]}},"b":{"0":[1]},"fnMap":{"0":{"name":"(empty-report)","decl":{"start":{"line":1,"column":6391},"end":{"line":193,"column":1}},"loc":{"start":{"line":1,"column":6391},"end":{"line":193,"column":1}},"line":1}},"f":{"0":1}}
}
